Copyright 1986-2018 Xilinx, Inc. All Rights Reserved.
--------------------------------------------------------------------------------------------------------------------------------------------------------------------------------------------
| Tool Version : Vivado v.2018.3 (win64) Build 2405991 Thu Dec  6 23:38:27 MST 2018
| Date         : Fri Jun  5 11:39:17 2026
| Host         : Hubert running 64-bit major release  (build 9200)
| Command      : report_methodology -file design_awg_wrapper_methodology_drc_routed.rpt -pb design_awg_wrapper_methodology_drc_routed.pb -rpx design_awg_wrapper_methodology_drc_routed.rpx
| Design       : design_awg_wrapper
| Device       : xc7z010clg400-1
| Speed File   : -1
| Design State : Fully Routed
--------------------------------------------------------------------------------------------------------------------------------------------------------------------------------------------

Report Methodology

Table of Contents
-----------------
1. REPORT SUMMARY
2. REPORT DETAILS

1. REPORT SUMMARY
-----------------
            Netlist: netlist
          Floorplan: design_1
      Design limits: <entire design considered>
             Max violations: <unlimited>
             Violations found: 4
+----------+----------+--------------------------------------------------------+------------+
| Rule     | Severity | Description                                            | Violations |
+----------+----------+--------------------------------------------------------+------------+
| LUTAR-1  | Warning  | LUT drives async reset alert                           | 1          |
| TIMING-9 | Warning  | Unknown CDC Logic                                      | 1          |
| XDCC-1   | Warning  | Scoped Clock constraint overwritten with the same name | 1          |
| XDCC-7   | Warning  | Scoped Clock constraint overwritten on the same source | 1          |
+----------+----------+--------------------------------------------------------+------------+

2. REPORT DETAILS
-----------------
LUTAR-1#1 Warning
LUT drives async reset alert  
LUT cell design_awg_i/mdm_1/U0/MDM_Core_I1/JTAG_CONTROL_I/sel_n_i_2, with 2 or more inputs, drives asynchronous preset/clear pin(s) design_awg_i/mdm_1/U0/MDM_Core_I1/JTAG_CONTROL_I/sel_n_reg/PRE. The LUT may glitch and trigger an unexpected reset, even if it is a properly timed path.
Related violations: <none>

TIMING-9#1 Warning
Unknown CDC Logic  
One or more asynchronous Clock Domain Crossing has been detected between 2 clock domains through a set_false_path or a set_clock_groups or set_max_delay -datapath_only constraint but no double-registers logic synchronizer has been found on the side of the capture clock. It is recommended to run report_cdc for a complete and detailed CDC coverage. Please consider using XPM_CDC to avoid Critical severities
Related violations: <none>

XDCC-1#1 Warning
Scoped Clock constraint overwritten with the same name  
A new clock constraint create_clock overrides a previous scoped clock constraint with the same name. It is not recommended to override a scoped (typically an IP) clock constraint and could result in unexpected behaviors.
New: create_clock -period 8.000 -name clk_125MHz -waveform {0.000 4.000} [get_ports clk_125MHz] (Source: C:/Users/palka/Documents/SDUP/sdup_projekt/sdup_projekt/gen_arb_z_ip/gen_arb_z_ip.srcs/constrs_1/new/zybo_constraint.xdc (Line: 19))
Previous: create_clock -period 8.000 [get_ports clk_125MHz] (Source: c:/Users/palka/Documents/SDUP/sdup_projekt/sdup_projekt/gen_arb_z_ip/gen_arb_z_ip.srcs/sources_1/bd/design_awg/ip/design_awg_clk_wiz_1_1/design_awg_clk_wiz_1_1.xdc (Line: 56))
Related violations: <none>

XDCC-7#1 Warning
Scoped Clock constraint overwritten on the same source  
A new clock constraint create_clock overrides a previous scoped clock constraint defined on the same source. It is not recommended to override a scoped (typically an IP) clock constraint and could result in unexpected behaviors.
New: create_clock -period 8.000 -name clk_125MHz -waveform {0.000 4.000} [get_ports clk_125MHz] (Source: C:/Users/palka/Documents/SDUP/sdup_projekt/sdup_projekt/gen_arb_z_ip/gen_arb_z_ip.srcs/constrs_1/new/zybo_constraint.xdc (Line: 19))
Previous: create_clock -period 8.000 [get_ports clk_125MHz] (Source: c:/Users/palka/Documents/SDUP/sdup_projekt/sdup_projekt/gen_arb_z_ip/gen_arb_z_ip.srcs/sources_1/bd/design_awg/ip/design_awg_clk_wiz_1_1/design_awg_clk_wiz_1_1.xdc (Line: 56))
Related violations: <none>


