Copyright 1986-2018 Xilinx, Inc. All Rights Reserved.
-----------------------------------------------------------------------------------------------
| Tool Version : Vivado v.2018.3 (win64) Build 2405991 Thu Dec  6 23:38:27 MST 2018
| Date         : Mon Jun  8 16:06:30 2026
| Host         : DESKTOP-OEUP6RI running 64-bit major release  (build 9200)
| Command      : report_control_sets -verbose -file design_awg_wrapper_control_sets_placed.rpt
| Design       : design_awg_wrapper
| Device       : xc7z010
-----------------------------------------------------------------------------------------------

Control Set Information

Table of Contents
-----------------
1. Summary
2. Histogram
3. Flip-Flop Distribution
4. Detailed Control Set Information

1. Summary
----------

+----------------------------------------------------------+-------+
|                          Status                          | Count |
+----------------------------------------------------------+-------+
| Number of unique control sets                            |    82 |
| Unused register locations in slices containing registers |   193 |
+----------------------------------------------------------+-------+


2. Histogram
------------

+--------+--------------+
| Fanout | Control Sets |
+--------+--------------+
|      1 |            8 |
|      2 |            2 |
|      3 |            1 |
|      4 |            7 |
|      5 |            2 |
|      6 |            6 |
|      7 |            1 |
|      8 |           23 |
|     10 |            2 |
|     11 |            2 |
|    16+ |           28 |
+--------+--------------+


3. Flip-Flop Distribution
-------------------------

+--------------+-----------------------+------------------------+-----------------+--------------+
| Clock Enable | Synchronous Set/Reset | Asynchronous Set/Reset | Total Registers | Total Slices |
+--------------+-----------------------+------------------------+-----------------+--------------+
| No           | No                    | No                     |             212 |           79 |
| No           | No                    | Yes                    |              29 |            6 |
| No           | Yes                   | No                     |             264 |          110 |
| Yes          | No                    | No                     |             204 |           57 |
| Yes          | No                    | Yes                    |              15 |            8 |
| Yes          | Yes                   | No                     |             891 |          241 |
+--------------+-----------------------+------------------------+-----------------+--------------+


4. Detailed Control Set Information
-----------------------------------

+------------------------------------------------------------------+--------------------------------------------------------------------------------------------------------------------------------------------------------------------------------------------------------------+--------------------------------------------------------------------------------------------------------------------------------------------------+------------------+----------------+
|                           Clock Signal                           |                                                                                                 Enable Signal                                                                                                |                                                                 Set/Reset Signal                                                                 | Slice Load Count | Bel Load Count |
+------------------------------------------------------------------+--------------------------------------------------------------------------------------------------------------------------------------------------------------------------------------------------------------+--------------------------------------------------------------------------------------------------------------------------------------------------+------------------+----------------+
|  design_awg_i/mdm_1/U0/Dbg_Update_0                              | design_awg_i/microblaze_0/U0/MicroBlaze_Core_I/Performance.Core/Use_Debug_Logic.Master_Core.Debug_Perf/Control_Reg_En                                                                                        | design_awg_i/microblaze_0/U0/MicroBlaze_Core_I/Performance.Core/Use_Debug_Logic.Master_Core.Debug_Perf/Serial_Dbg_Intf.continue_from_brk_reg_n_0 |                1 |              1 |
|  design_awg_i/clk_wiz_1/inst/clk_out1                            |                                                                                                                                                                                                              | design_awg_i/microblaze_0/U0/MicroBlaze_Core_I/Performance.Core/Use_Debug_Logic.Master_Core.Debug_Perf/capture_1                                 |                1 |              1 |
| ~design_awg_i/mdm_1/U0/No_Dbg_Reg_Access.BUFG_DRCK/Ext_JTAG_DRCK | design_awg_i/mdm_1/U0/MDM_Core_I1/JTAG_CONTROL_I/Use_BSCAN.FDC_I/CE                                                                                                                                          | design_awg_i/mdm_1/U0/MDM_Core_I1/JTAG_CONTROL_I/Use_BSCAN.FDC_I/D_1                                                                             |                1 |              1 |
|  design_awg_i/mdm_1/U0/No_Dbg_Reg_Access.BUFG_DRCK/Ext_JTAG_DRCK | design_awg_i/mdm_1/U0/Use_E2.BSCAN_I/Use_BSCAN.PORT_Selector_reg[0]                                                                                                                                          | design_awg_i/mdm_1/U0/MDM_Core_I1/JTAG_CONTROL_I/sel_with_scan_reset19_out                                                                       |                1 |              1 |
|  design_awg_i/mdm_1/U0/Dbg_Update_0                              | design_awg_i/microblaze_0/U0/MicroBlaze_Core_I/Performance.Core/Use_Debug_Logic.Master_Core.Debug_Perf/Control_Reg_En                                                                                        | design_awg_i/microblaze_0/U0/MicroBlaze_Core_I/Performance.Core/Use_Debug_Logic.Master_Core.Debug_Perf/Serial_Dbg_Intf.normal_stop_cmd_i_reg_n_0 |                1 |              1 |
|  design_awg_i/mdm_1/U0/Dbg_Update_0                              | design_awg_i/microblaze_0/U0/MicroBlaze_Core_I/Performance.Core/Use_Debug_Logic.Master_Core.Debug_Perf/Control_Reg_En                                                                                        | design_awg_i/microblaze_0/U0/MicroBlaze_Core_I/Performance.Core/Use_Debug_Logic.Master_Core.Debug_Perf/Serial_Dbg_Intf.force_stop_cmd_i_reg_0    |                1 |              1 |
|  design_awg_i/mdm_1/U0/Dbg_Update_0                              | design_awg_i/microblaze_0/U0/MicroBlaze_Core_I/Performance.Core/Use_Debug_Logic.Master_Core.Debug_Perf/Control_Reg_En                                                                                        | design_awg_i/microblaze_0/U0/MicroBlaze_Core_I/Performance.Core/Use_Debug_Logic.Master_Core.Debug_Perf/start_single_step_reg_n_0                 |                1 |              1 |
| ~design_awg_i/mdm_1/U0/Dbg_Update_0                              |                                                                                                                                                                                                              | design_awg_i/mdm_1/U0/MDM_Core_I1/JTAG_CONTROL_I/sel_n                                                                                           |                1 |              1 |
|  design_awg_i/mdm_1/U0/Dbg_Update_0                              | design_awg_i/microblaze_0/U0/MicroBlaze_Core_I/Performance.Core/Use_Debug_Logic.Master_Core.Debug_Perf/Command_Reg_En                                                                                        | design_awg_i/microblaze_0/U0/MicroBlaze_Core_I/Performance.Core/Use_Debug_Logic.Master_Core.Debug_Perf/command_reg_clear                         |                1 |              2 |
|  design_awg_i/clk_wiz_1/inst/clk_out1                            | design_awg_i/microblaze_0/U0/MicroBlaze_Core_I/Performance.Core/Decode_I/Use_MuxCy[11].OF_Piperun_Stage/MUXCY_I/of_pause_reg                                                                                 |                                                                                                                                                  |                1 |              2 |
|  design_awg_i/mdm_1/U0/Dbg_Update_0                              |                                                                                                                                                                                                              |                                                                                                                                                  |                2 |              3 |
|  design_awg_i/mdm_1/U0/Dbg_Update_0                              | design_awg_i/microblaze_0/U0/MicroBlaze_Core_I/Performance.Core/Use_Debug_Logic.Master_Core.Debug_Perf/Control_Reg_En                                                                                        |                                                                                                                                                  |                1 |              4 |
|  design_awg_i/mdm_1/U0/Dbg_Update_0                              | design_awg_i/mdm_1/U0/MDM_Core_I1/MDM_SEL                                                                                                                                                                    | design_awg_i/mdm_1/U0/Use_E2.BSCAN_I/AR[0]                                                                                                       |                1 |              4 |
|  design_awg_i/clk_wiz_1/inst/clk_out1                            |                                                                                                                                                                                                              | design_awg_i/rst_clk_wiz_1_100M/U0/bus_struct_reset[0]                                                                                           |                1 |              4 |
|  design_awg_i/clk_wiz_1/inst/clk_out1                            | design_awg_i/axi_uartlite_0/U0/AXI_LITE_IPIF_I/I_SLAVE_ATTACHMENT/start2                                                                                                                                     | design_awg_i/axi_uartlite_0/U0/AXI_LITE_IPIF_I/I_SLAVE_ATTACHMENT/I_DECODER/cs_ce_clr                                                            |                1 |              4 |
|  design_awg_i/clk_wiz_1/inst/clk_out1                            | design_awg_i/axi_uartlite_0/U0/UARTLITE_CORE_I/BAUD_RATE_I/p_2_out[0]                                                                                                                                        |                                                                                                                                                  |                1 |              4 |
|  design_awg_i/mdm_1/U0/No_Dbg_Reg_Access.BUFG_DRCK/Ext_JTAG_DRCK | design_awg_i/mdm_1/U0/MDM_Core_I1/p_3_out                                                                                                                                                                    | design_awg_i/mdm_1/U0/Use_E2.BSCAN_I/AR[0]                                                                                                       |                1 |              4 |
| ~design_awg_i/mdm_1/U0/Dbg_Update_0                              |                                                                                                                                                                                                              | design_awg_i/mdm_1/U0/Use_E2.BSCAN_I/AR[0]                                                                                                       |                1 |              4 |
|  design_awg_i/clk_wiz_1/inst/clk_out1                            |                                                                                                                                                                                                              | design_awg_i/rst_clk_wiz_1_100M/U0/EXT_LPF/lpf_int                                                                                               |                1 |              5 |
|  design_awg_i/clk_wiz_1/inst/clk_out1                            | design_awg_i/microblaze_0/U0/MicroBlaze_Core_I/Performance.Core/Decode_I/wb_Halted                                                                                                                           | design_awg_i/microblaze_0/U0/MicroBlaze_Core_I/sync_reset                                                                                        |                2 |              5 |
|  design_awg_i/clk_wiz_1/inst/clk_out1                            |                                                                                                                                                                                                              | design_awg_i/axi_uartlite_0/U0/UARTLITE_CORE_I/UARTLITE_RX_I/SRL_FIFO_I/I_SRL_FIFO_RBU_F/CNTR_INCR_DECR_ADDN_F_I/SS[0]                           |                3 |              6 |
|  design_awg_i/clk_wiz_1/inst/clk_out1                            |                                                                                                                                                                                                              | design_awg_i/axi_uartlite_0/U0/UARTLITE_CORE_I/UARTLITE_TX_I/SRL_FIFO_I/I_SRL_FIFO_RBU_F/CNTR_INCR_DECR_ADDN_F_I/SS[0]                           |                3 |              6 |
|  design_awg_i/mdm_1/U0/No_Dbg_Reg_Access.BUFG_DRCK/Ext_JTAG_DRCK | design_awg_i/mdm_1/U0/Use_E2.BSCAN_I/Use_BSCAN.command_reg[5][0]                                                                                                                                             |                                                                                                                                                  |                3 |              6 |
|  design_awg_i/clk_wiz_1/inst/clk_out1                            | design_awg_i/rst_clk_wiz_1_100M/U0/SEQ/seq_cnt_en                                                                                                                                                            | design_awg_i/rst_clk_wiz_1_100M/U0/SEQ/SEQ_COUNTER/clear                                                                                         |                1 |              6 |
|  design_awg_i/mdm_1/U0/No_Dbg_Reg_Access.BUFG_DRCK/Ext_JTAG_DRCK | design_awg_i/mdm_1/U0/MDM_Core_I1/JTAG_CONTROL_I/Use_BSCAN.FDC_I/Use_BSCAN.command_reg[5][0]                                                                                                                 |                                                                                                                                                  |                2 |              6 |
|  design_awg_i/mdm_1/U0/No_Dbg_Reg_Access.BUFG_DRCK/Ext_JTAG_DRCK | design_awg_i/mdm_1/U0/Use_E2.BSCAN_I/E[0]                                                                                                                                                                    |                                                                                                                                                  |                2 |              6 |
|  design_awg_i/clk_wiz_1/inst/clk_out1                            | design_awg_i/axi_uartlite_0/U0/UARTLITE_CORE_I/BAUD_RATE_I/p_2_out[0]                                                                                                                                        | design_awg_i/axi_uartlite_0/U0/UARTLITE_CORE_I/UARTLITE_RX_I/SERIAL_TO_PARALLEL[8].fifo_din[8]_i_1_n_0                                           |                2 |              7 |
|  design_awg_i/clk_wiz_1/inst/clk_out1                            | design_awg_i/awg_axi_0/inst/awg_axi_v1_0_S00_AXI_inst/slv_reg0[15]_i_1_n_0                                                                                                                                   | design_awg_i/awg_axi_0/inst/awg_axi_v1_0_S00_AXI_inst/axi_awready_i_1_n_0                                                                        |                1 |              8 |
|  design_awg_i/clk_wiz_1/inst/clk_out1                            | design_awg_i/awg_axi_0/inst/awg_axi_v1_0_S00_AXI_inst/slv_reg0[31]_i_1_n_0                                                                                                                                   | design_awg_i/awg_axi_0/inst/awg_axi_v1_0_S00_AXI_inst/axi_awready_i_1_n_0                                                                        |                1 |              8 |
|  design_awg_i/clk_wiz_1/inst/clk_out1                            | design_awg_i/awg_axi_0/inst/awg_axi_v1_0_S00_AXI_inst/slv_reg2[15]_i_1_n_0                                                                                                                                   | design_awg_i/awg_axi_0/inst/awg_axi_v1_0_S00_AXI_inst/axi_awready_i_1_n_0                                                                        |                1 |              8 |
|  design_awg_i/clk_wiz_1/inst/clk_out1                            | design_awg_i/awg_axi_0/inst/awg_axi_v1_0_S00_AXI_inst/slv_reg0[7]_i_1_n_0                                                                                                                                    | design_awg_i/awg_axi_0/inst/awg_axi_v1_0_S00_AXI_inst/axi_awready_i_1_n_0                                                                        |                1 |              8 |
|  design_awg_i/clk_wiz_1/inst/clk_out1                            | design_awg_i/awg_axi_0/inst/awg_axi_v1_0_S00_AXI_inst/slv_reg2[7]_i_1_n_0                                                                                                                                    | design_awg_i/awg_axi_0/inst/awg_axi_v1_0_S00_AXI_inst/axi_awready_i_1_n_0                                                                        |                1 |              8 |
|  design_awg_i/clk_wiz_1/inst/clk_out1                            | design_awg_i/awg_axi_0/inst/awg_axi_v1_0_S00_AXI_inst/slv_reg1[31]_i_1_n_0                                                                                                                                   | design_awg_i/awg_axi_0/inst/awg_axi_v1_0_S00_AXI_inst/axi_awready_i_1_n_0                                                                        |                1 |              8 |
|  design_awg_i/clk_wiz_1/inst/clk_out1                            | design_awg_i/awg_axi_0/inst/awg_axi_v1_0_S00_AXI_inst/slv_reg0[23]_i_1_n_0                                                                                                                                   | design_awg_i/awg_axi_0/inst/awg_axi_v1_0_S00_AXI_inst/axi_awready_i_1_n_0                                                                        |                1 |              8 |
|  design_awg_i/clk_wiz_1/inst/clk_out1                            | design_awg_i/awg_axi_0/inst/awg_axi_v1_0_S00_AXI_inst/slv_reg3[23]_i_1_n_0                                                                                                                                   | design_awg_i/awg_axi_0/inst/awg_axi_v1_0_S00_AXI_inst/axi_awready_i_1_n_0                                                                        |                1 |              8 |
|  design_awg_i/clk_wiz_1/inst/clk_out1                            | design_awg_i/awg_axi_0/inst/awg_axi_v1_0_S00_AXI_inst/slv_reg3[7]_i_1_n_0                                                                                                                                    | design_awg_i/awg_axi_0/inst/awg_axi_v1_0_S00_AXI_inst/axi_awready_i_1_n_0                                                                        |                1 |              8 |
|  design_awg_i/clk_wiz_1/inst/clk_out1                            | design_awg_i/awg_axi_0/inst/awg_axi_v1_0_S00_AXI_inst/slv_reg3[31]_i_1_n_0                                                                                                                                   | design_awg_i/awg_axi_0/inst/awg_axi_v1_0_S00_AXI_inst/axi_awready_i_1_n_0                                                                        |                1 |              8 |
|  design_awg_i/clk_wiz_1/inst/clk_out1                            | design_awg_i/awg_axi_0/inst/awg_axi_v1_0_S00_AXI_inst/slv_reg3[15]_i_1_n_0                                                                                                                                   | design_awg_i/awg_axi_0/inst/awg_axi_v1_0_S00_AXI_inst/axi_awready_i_1_n_0                                                                        |                1 |              8 |
|  design_awg_i/clk_wiz_1/inst/clk_out1                            | design_awg_i/axi_uartlite_0/U0/AXI_LITE_IPIF_I/I_SLAVE_ATTACHMENT/I_DECODER/fifo_wr                                                                                                                          |                                                                                                                                                  |                1 |              8 |
|  design_awg_i/clk_wiz_1/inst/clk_out1                            | design_awg_i/axi_uartlite_0/U0/AXI_LITE_IPIF_I/I_SLAVE_ATTACHMENT/s_axi_rresp_i                                                                                                                              | design_awg_i/axi_uartlite_0/U0/AXI_LITE_IPIF_I/I_SLAVE_ATTACHMENT/rst                                                                            |                3 |              8 |
|  design_awg_i/clk_wiz_1/inst/clk_out1                            | design_awg_i/axi_uartlite_0/U0/UARTLITE_CORE_I/UARTLITE_RX_I/SRL_FIFO_I/I_SRL_FIFO_RBU_F/DYNSHREG_F_I/fifo_wr                                                                                                |                                                                                                                                                  |                1 |              8 |
|  design_awg_i/mdm_1/U0/Dbg_Update_0                              | design_awg_i/mdm_1/U0/MDM_Core_I1/JTAG_CONTROL_I/Use_BSCAN.FDC_I/Use_BSCAN.PORT_Selector_reg[2][0]                                                                                                           |                                                                                                                                                  |                2 |              8 |
|  design_awg_i/mdm_1/U0/No_Dbg_Reg_Access.BUFG_DRCK/Ext_JTAG_DRCK | design_awg_i/mdm_1/U0/MDM_Core_I1/JTAG_CONTROL_I/tdi_shifter0                                                                                                                                                |                                                                                                                                                  |                2 |              8 |
|  design_awg_i/mdm_1/U0/No_Dbg_Reg_Access.BUFG_DRCK/Ext_JTAG_DRCK | design_awg_i/microblaze_0/U0/MicroBlaze_Core_I/Performance.Core/Use_Debug_Logic.Master_Core.Debug_Perf/Using_PC_Breakpoints.All_PC_Brks[0].Serial_Interface_1.address_hit_I/Compare[0].SRLC16E_I/which_pc__0 |                                                                                                                                                  |                7 |              8 |
|  design_awg_i/clk_wiz_1/inst/clk_out1                            | design_awg_i/awg_axi_0/inst/awg_axi_v1_0_S00_AXI_inst/slv_reg2[23]_i_1_n_0                                                                                                                                   | design_awg_i/awg_axi_0/inst/awg_axi_v1_0_S00_AXI_inst/axi_awready_i_1_n_0                                                                        |                1 |              8 |
|  design_awg_i/clk_wiz_1/inst/clk_out1                            | design_awg_i/awg_axi_0/inst/awg_axi_v1_0_S00_AXI_inst/slv_reg1[23]_i_1_n_0                                                                                                                                   | design_awg_i/awg_axi_0/inst/awg_axi_v1_0_S00_AXI_inst/axi_awready_i_1_n_0                                                                        |                1 |              8 |
|  design_awg_i/clk_wiz_1/inst/clk_out1                            | design_awg_i/awg_axi_0/inst/awg_axi_v1_0_S00_AXI_inst/slv_reg1[15]_i_1_n_0                                                                                                                                   | design_awg_i/awg_axi_0/inst/awg_axi_v1_0_S00_AXI_inst/axi_awready_i_1_n_0                                                                        |                1 |              8 |
|  design_awg_i/clk_wiz_1/inst/clk_out1                            | design_awg_i/awg_axi_0/inst/awg_axi_v1_0_S00_AXI_inst/slv_reg1[7]_i_1_n_0                                                                                                                                    | design_awg_i/awg_axi_0/inst/awg_axi_v1_0_S00_AXI_inst/axi_awready_i_1_n_0                                                                        |                1 |              8 |
|  design_awg_i/clk_wiz_1/inst/clk_out1                            | design_awg_i/awg_axi_0/inst/awg_axi_v1_0_S00_AXI_inst/slv_reg2[31]_i_1_n_0                                                                                                                                   | design_awg_i/awg_axi_0/inst/awg_axi_v1_0_S00_AXI_inst/axi_awready_i_1_n_0                                                                        |                1 |              8 |
| ~design_awg_i/mdm_1/U0/Dbg_Update_0                              | design_awg_i/mdm_1/U0/MDM_Core_I1/JTAG_CONTROL_I/Use_BSCAN.command[0]_i_1_n_0                                                                                                                                |                                                                                                                                                  |                3 |              8 |
|  design_awg_i/mdm_1/U0/No_Dbg_Reg_Access.BUFG_DRCK/Ext_JTAG_DRCK | design_awg_i/mdm_1/U0/MDM_Core_I1/JTAG_CONTROL_I/Use_BSCAN.FDC_I/E[0]                                                                                                                                        |                                                                                                                                                  |                4 |             10 |
|  design_awg_i/clk_wiz_1/inst/clk_out1                            |                                                                                                                                                                                                              | design_awg_i/axi_uartlite_0/U0/AXI_LITE_IPIF_I/I_SLAVE_ATTACHMENT/rst                                                                            |                4 |             10 |
|  design_awg_i/clk_wiz_1/inst/clk_out1                            |                                                                                                                                                                                                              | design_awg_i/microblaze_0_axi_periph/xbar/inst/gen_sasd.crossbar_sasd_0/addr_arbiter_inst/SR[0]                                                  |                5 |             11 |
|  design_awg_i/clk_wiz_1/inst/clk_out1                            |                                                                                                                                                                                                              | design_awg_i/awg_axi_0/inst/awg_axi_v1_0_S00_AXI_inst/axi_awready_i_1_n_0                                                                        |                4 |             11 |
|  design_awg_i/clk_wiz_1/inst/clk_out1                            | design_awg_i/awg_axi_0/inst/awg_axi_v1_0_S00_AXI_inst/slv_reg0[0]                                                                                                                                            | design_awg_i/awg_axi_0/inst/awg_axi_v1_0_S00_AXI_inst/u_awg_core/u_scaler/sample_out[15]_i_1_n_0                                                 |                2 |             16 |
|  design_awg_i/clk_wiz_1/inst/clk_out1                            | design_awg_i/microblaze_0/U0/MicroBlaze_Core_I/Performance.Core/Decode_I/PreFetch_Buffer_I1/Instruction_Prefetch_Mux[4].Gen_Instr_DFF/Using_FPGA.Native_33[0]                                                | design_awg_i/microblaze_0/U0/MicroBlaze_Core_I/sync_reset                                                                                        |                6 |             16 |
|  design_awg_i/clk_wiz_1/inst/clk_out1                            | design_awg_i/microblaze_0_axi_periph/xbar/inst/gen_sasd.crossbar_sasd_0/addr_arbiter_inst/p_0_in1_in                                                                                                         | design_awg_i/microblaze_0_axi_periph/xbar/inst/gen_sasd.crossbar_sasd_0/addr_arbiter_inst/SR[0]                                                  |                3 |             18 |
|  design_awg_i/clk_wiz_1/inst/clk_out1                            | design_awg_i/microblaze_0/U0/MicroBlaze_Core_I/Performance.Core/Decode_I/mem_wait_on_ready_N_carry_or/MUXCY_I/lopt_1                                                                                         | design_awg_i/microblaze_0/U0/MicroBlaze_Core_I/sync_reset                                                                                        |                8 |             20 |
|  design_awg_i/mdm_1/U0/No_Dbg_Reg_Access.BUFG_DRCK/Ext_JTAG_DRCK |                                                                                                                                                                                                              | design_awg_i/mdm_1/U0/Use_E2.BSCAN_I/shift_n_reset1_out                                                                                          |                3 |             23 |
|  design_awg_i/clk_wiz_1/inst/clk_out1                            | design_awg_i/axi_uartlite_0/U0/UARTLITE_CORE_I/BAUD_RATE_I/p_2_out[0]                                                                                                                                        | design_awg_i/axi_uartlite_0/U0/UARTLITE_CORE_I/UARTLITE_RX_I/ACTIVE_LOW_PR_OUT_DFF[0].FDRE_PER_N                                                 |                6 |             28 |
|  design_awg_i/clk_wiz_1/inst/clk_out1                            | design_awg_i/awg_axi_0/inst/awg_axi_v1_0_S00_AXI_inst/wave_wr_en0                                                                                                                                            | design_awg_i/awg_axi_0/inst/awg_axi_v1_0_S00_AXI_inst/axi_awready_i_1_n_0                                                                        |                4 |             28 |
|  design_awg_i/clk_wiz_1/inst/clk_out1                            |                                                                                                                                                                                                              | design_awg_i/axi_uartlite_0/U0/UARTLITE_CORE_I/UARTLITE_RX_I/ACTIVE_LOW_PR_OUT_DFF[0].FDRE_PER_N                                                 |               11 |             30 |
|  design_awg_i/clk_wiz_1/inst/clk_out1                            | design_awg_i/microblaze_0_axi_periph/xbar/inst/gen_sasd.crossbar_sasd_0/addr_arbiter_inst/s_axi_rvalid[0]                                                                                                    | design_awg_i/microblaze_0/U0/MicroBlaze_Core_I/sync_reset                                                                                        |               10 |             32 |
|  design_awg_i/clk_wiz_1/inst/clk_out1                            | design_awg_i/microblaze_0/U0/MicroBlaze_Core_I/Performance.Core/Use_Debug_Logic.Master_Core.Debug_Perf/data_rd_reg[0]_i_1_n_0                                                                                | design_awg_i/microblaze_0/U0/MicroBlaze_Core_I/sync_reset                                                                                        |               10 |             32 |
|  design_awg_i/clk_wiz_1/inst/clk_out1                            | design_awg_i/awg_axi_0/inst/awg_axi_v1_0_S00_AXI_inst/slv_reg_rden__0                                                                                                                                        | design_awg_i/awg_axi_0/inst/awg_axi_v1_0_S00_AXI_inst/axi_awready_i_1_n_0                                                                        |               10 |             32 |
|  design_awg_i/clk_wiz_1/inst/clk_out1                            | design_awg_i/microblaze_0/U0/MicroBlaze_Core_I/Performance.Core/Decode_I/PreFetch_Buffer_I1/Gen_Mux_Select_LUT6[2].Gen_Sel_DFF/Using_FPGA.Native_1[0]                                                        | design_awg_i/microblaze_0/U0/MicroBlaze_Core_I/sync_reset                                                                                        |                8 |             32 |
|  design_awg_i/mdm_1/U0/No_Dbg_Reg_Access.BUFG_DRCK/Ext_JTAG_DRCK | design_awg_i/microblaze_0/U0/MicroBlaze_Core_I/Performance.Core/Use_Debug_Logic.Master_Core.Debug_Perf/New_Dbg_Instr_TCK                                                                                     |                                                                                                                                                  |                7 |             32 |
|  design_awg_i/clk_wiz_1/inst/clk_out1                            |                                                                                                                                                                                                              | design_awg_i/microblaze_0/U0/MicroBlaze_Core_I/Performance.Core/p_1_out                                                                          |               14 |             32 |
|  design_awg_i/clk_wiz_1/inst/clk_out1                            | design_awg_i/microblaze_0/U0/MicroBlaze_Core_I/Performance.Core/Decode_I/Use_MuxCy[3].OF_Piperun_Stage/MUXCY_I/wb_exception_kind_i_reg[28][0]                                                                | design_awg_i/microblaze_0/U0/MicroBlaze_Core_I/sync_reset                                                                                        |                5 |             32 |
|  design_awg_i/clk_wiz_1/inst/clk_out1                            | design_awg_i/microblaze_0/U0/MicroBlaze_Core_I/Performance.Core/Decode_I/Use_MuxCy[3].OF_Piperun_Stage/MUXCY_I/Using_FPGA.Native_0                                                                           | design_awg_i/microblaze_0/U0/MicroBlaze_Core_I/Performance.Core/Decode_I/R                                                                       |               12 |             32 |
|  design_awg_i/clk_wiz_1/inst/clk_out1                            | design_awg_i/microblaze_0/U0/MicroBlaze_Core_I/Performance.Core/Decode_I/mem_wait_on_ready_N_carry_or/MUXCY_I/lopt_1                                                                                         |                                                                                                                                                  |                7 |             32 |
|  design_awg_i/clk_wiz_1/inst/clk_out1                            | design_awg_i/microblaze_0/U0/MicroBlaze_Core_I/Performance.Core/Decode_I/mem_wait_on_ready_N_carry_or/MUXCY_I/lopt_1                                                                                         | design_awg_i/microblaze_0/U0/MicroBlaze_Core_I/Performance.Core/Decode_I/SR[0]                                                                   |               11 |             32 |
|  design_awg_i/clk_wiz_1/inst/clk_out1                            | design_awg_i/microblaze_0_axi_periph/xbar/inst/gen_sasd.crossbar_sasd_0/addr_arbiter_inst/E[0]                                                                                                               |                                                                                                                                                  |                8 |             33 |
|  design_awg_i/mdm_1/U0/No_Dbg_Reg_Access.BUFG_DRCK/Ext_JTAG_DRCK | design_awg_i/mdm_1/U0/Use_E2.BSCAN_I/Use_BSCAN.PORT_Selector_reg[0]                                                                                                                                          |                                                                                                                                                  |               14 |             47 |
|  design_awg_i/clk_wiz_1/inst/clk_out1                            | design_awg_i/microblaze_0/U0/MicroBlaze_Core_I/Performance.Core/Decode_I/PreFetch_Buffer_I1/Instruction_Prefetch_Mux[42].Instr_Mux_MUXF7/Performance_Debug_Control.dbg_freeze_nohalt_reg                     |                                                                                                                                                  |               11 |             75 |
|  design_awg_i/clk_wiz_1/inst/clk_out1                            | design_awg_i/microblaze_0/U0/MicroBlaze_Core_I/Performance.Core/Decode_I/Use_MuxCy[3].OF_Piperun_Stage/MUXCY_I/Using_FPGA.Native_0                                                                           | design_awg_i/microblaze_0/U0/MicroBlaze_Core_I/sync_reset                                                                                        |               30 |             78 |
|  design_awg_i/mdm_1/U0/No_Dbg_Reg_Access.BUFG_DRCK/Ext_JTAG_DRCK |                                                                                                                                                                                                              |                                                                                                                                                  |               27 |             80 |
|  design_awg_i/clk_wiz_1/inst/clk_out1                            | design_awg_i/awg_axi_0/inst/awg_axi_v1_0_S00_AXI_inst/slv_reg0[0]                                                                                                                                            | design_awg_i/awg_axi_0/inst/awg_axi_v1_0_S00_AXI_inst/u_awg_core/u_scaler/SR[0]                                                                  |               18 |             86 |
|  design_awg_i/clk_wiz_1/inst/clk_out1                            | design_awg_i/microblaze_0/U0/MicroBlaze_Core_I/Performance.Core/Decode_I/Performance_Debug_Control.dbg_state_nohalt_reg[34]                                                                                  |                                                                                                                                                  |               16 |            128 |
|  design_awg_i/clk_wiz_1/inst/clk_out1                            |                                                                                                                                                                                                              |                                                                                                                                                  |               54 |            146 |
|  design_awg_i/clk_wiz_1/inst/clk_out1                            |                                                                                                                                                                                                              | design_awg_i/microblaze_0/U0/MicroBlaze_Core_I/sync_reset                                                                                        |               64 |            149 |
|  design_awg_i/clk_wiz_1/inst/clk_out1                            | design_awg_i/microblaze_0/U0/MicroBlaze_Core_I/Performance.Core/Decode_I/Use_MuxCy[11].OF_Piperun_Stage/MUXCY_I/of_pause_reg                                                                                 | design_awg_i/microblaze_0/U0/MicroBlaze_Core_I/sync_reset                                                                                        |               72 |            218 |
+------------------------------------------------------------------+--------------------------------------------------------------------------------------------------------------------------------------------------------------------------------------------------------------+--------------------------------------------------------------------------------------------------------------------------------------------------+------------------+----------------+


