#-----------------------------------------------------------
# Vivado v2018.3 (64-bit)
# SW Build 2405991 on Thu Dec  6 23:38:27 MST 2018
# IP Build 2404404 on Fri Dec  7 01:43:56 MST 2018
# Start of session at: Tue Jun  2 00:00:52 2026
# Process ID: 4592
# Current directory: C:/Users/kluck/Downloads/sdup_projekt/GeneratorArbitralny/ip_repo
# Command line: vivado.exe -gui_launcher_event rodinguilauncherevent4296 C:\Users\kluck\Downloads\sdup_projekt\GeneratorArbitralny\ip_repo\edit_awg_axi_v1_0.xpr
# Log file: C:/Users/kluck/Downloads/sdup_projekt/GeneratorArbitralny/ip_repo/vivado.log
# Journal file: C:/Users/kluck/Downloads/sdup_projekt/GeneratorArbitralny/ip_repo\vivado.jou
#-----------------------------------------------------------
start_gui
open_project C:/Users/kluck/Downloads/sdup_projekt/GeneratorArbitralny/ip_repo/edit_awg_axi_v1_0.xpr
WARNING: [filemgmt 56-99] Vivado Synthesis ignores library specification for Verilog or SystemVerilog files. [C:/Users/kluck/Downloads/sdup_projekt/GeneratorArbitralny/ip_repo/awg_axi_1.0/hdl/awg_axi_v1_0_S00_AXI.v:]
WARNING: [filemgmt 56-99] Vivado Synthesis ignores library specification for Verilog or SystemVerilog files. [C:/Users/kluck/Downloads/sdup_projekt/GeneratorArbitralny/ip_repo/awg_axi_1.0/hdl/awg_axi_v1_0.v:]
Scanning sources...
Finished scanning sources
WARNING: [filemgmt 56-99] Vivado Synthesis ignores library specification for Verilog or SystemVerilog files. [C:/Users/kluck/Downloads/sdup_projekt/GeneratorArbitralny/ip_repo/awg_axi_1.0/hdl/awg_axi_v1_0_S00_AXI.v:]
WARNING: [filemgmt 56-99] Vivado Synthesis ignores library specification for Verilog or SystemVerilog files. [C:/Users/kluck/Downloads/sdup_projekt/GeneratorArbitralny/ip_repo/awg_axi_1.0/hdl/awg_axi_v1_0.v:]
INFO: [IP_Flow 19-234] Refreshing IP repositories
INFO: [IP_Flow 19-1700] Loaded user IP repository 'c:/Users/kluck/Downloads/sdup_projekt/GeneratorArbitralny/ip_repo/awg_axi_1.0'.
INFO: [IP_Flow 19-2313] Loaded Vivado IP repository 'C:/Xilinx/Vivado/2018.3/data/ip'.
update_compile_order -fileset sources_1
ipx::open_ipxact_file C:/Users/kluck/Downloads/sdup_projekt/GeneratorArbitralny/ip_repo/awg_axi_1.0/component.xml
WARNING: [IP_Flow 19-5226] Project source file 'c:/Users/kluck/Downloads/sdup_projekt/GeneratorArbitralny/ip_repo/awg_axi_1.0/component.xml' ignored by IP packager.
WARNING: [IP_Flow 19-3898] File Group 'xilinx_verilogsynthesis (Verilog Synthesis)': File 'c:/Users/kluck/Downloads/sdup_projekt/GeneratorArbitralny/ip_repo/awg_axi_1.0/hdl/awg_axi_v1_0_S00_AXI.v' is not found in the project sources. It will be removed from the packaged IP when the sources are merged. If still required, please add this file to the project and re-package.
WARNING: [IP_Flow 19-3898] File Group 'xilinx_verilogsynthesis (Verilog Synthesis)': File 'c:/Users/kluck/Downloads/sdup_projekt/GeneratorArbitralny/ip_repo/awg_axi_1.0/hdl/awg_axi_v1_0.v' is not found in the project sources. It will be removed from the packaged IP when the sources are merged. If still required, please add this file to the project and re-package.
WARNING: [IP_Flow 19-4308] Project file 'c:/Users/kluck/Downloads/sdup_projekt/GeneratorArbitralny/GeneratorArbitralny/GeneratorArbitralny.srcs/sources_1/imports/rtl/awg_core.sv' is not found in the component files. It will be added automatically when merging sources and repackaging. Please remove the file from the source project if this is not desired.
WARNING: [IP_Flow 19-4308] Project file 'c:/Users/kluck/Downloads/sdup_projekt/GeneratorArbitralny/GeneratorArbitralny/GeneratorArbitralny.srcs/sources_1/imports/rtl/dds_addr.sv' is not found in the component files. It will be added automatically when merging sources and repackaging. Please remove the file from the source project if this is not desired.
WARNING: [IP_Flow 19-4308] Project file 'c:/Users/kluck/Downloads/sdup_projekt/GeneratorArbitralny/GeneratorArbitralny/GeneratorArbitralny.srcs/sources_1/imports/rtl/scaler.sv' is not found in the component files. It will be added automatically when merging sources and repackaging. Please remove the file from the source project if this is not desired.
WARNING: [IP_Flow 19-4308] Project file 'c:/Users/kluck/Downloads/sdup_projekt/GeneratorArbitralny/GeneratorArbitralny/GeneratorArbitralny.srcs/sources_1/imports/rtl/sigma_delta_1st.sv' is not found in the component files. It will be added automatically when merging sources and repackaging. Please remove the file from the source project if this is not desired.
WARNING: [IP_Flow 19-4308] Project file 'c:/Users/kluck/Downloads/sdup_projekt/GeneratorArbitralny/GeneratorArbitralny/GeneratorArbitralny.srcs/sources_1/new/wave_bram.sv' is not found in the component files. It will be added automatically when merging sources and repackaging. Please remove the file from the source project if this is not desired.
WARNING: [IP_Flow 19-4308] Project file 'c:/Users/kluck/Downloads/sdup_projekt/GeneratorArbitralny/GeneratorArbitralny/GeneratorArbitralny.sim/sim_1/behav/xsim/waveform.mem' is not found in the component files. It will be added automatically when merging sources and repackaging. Please remove the file from the source project if this is not desired.
WARNING: [IP_Flow 19-3898] File Group 'xilinx_verilogbehavioralsimulation (Verilog Simulation)': File 'c:/Users/kluck/Downloads/sdup_projekt/GeneratorArbitralny/ip_repo/awg_axi_1.0/hdl/awg_axi_v1_0_S00_AXI.v' is not found in the project sources. It will be removed from the packaged IP when the sources are merged. If still required, please add this file to the project and re-package.
WARNING: [IP_Flow 19-3898] File Group 'xilinx_verilogbehavioralsimulation (Verilog Simulation)': File 'c:/Users/kluck/Downloads/sdup_projekt/GeneratorArbitralny/ip_repo/awg_axi_1.0/hdl/awg_axi_v1_0.v' is not found in the project sources. It will be removed from the packaged IP when the sources are merged. If still required, please add this file to the project and re-package.
WARNING: [IP_Flow 19-4308] Project file 'c:/Users/kluck/Downloads/sdup_projekt/GeneratorArbitralny/GeneratorArbitralny/GeneratorArbitralny.srcs/sources_1/imports/rtl/awg_core.sv' is not found in the component files. It will be added automatically when merging sources and repackaging. Please remove the file from the source project if this is not desired.
WARNING: [IP_Flow 19-4308] Project file 'c:/Users/kluck/Downloads/sdup_projekt/GeneratorArbitralny/GeneratorArbitralny/GeneratorArbitralny.srcs/sources_1/imports/rtl/dds_addr.sv' is not found in the component files. It will be added automatically when merging sources and repackaging. Please remove the file from the source project if this is not desired.
WARNING: [IP_Flow 19-4308] Project file 'c:/Users/kluck/Downloads/sdup_projekt/GeneratorArbitralny/GeneratorArbitralny/GeneratorArbitralny.srcs/sources_1/imports/rtl/scaler.sv' is not found in the component files. It will be added automatically when merging sources and repackaging. Please remove the file from the source project if this is not desired.
WARNING: [IP_Flow 19-4308] Project file 'c:/Users/kluck/Downloads/sdup_projekt/GeneratorArbitralny/GeneratorArbitralny/GeneratorArbitralny.srcs/sources_1/imports/rtl/sigma_delta_1st.sv' is not found in the component files. It will be added automatically when merging sources and repackaging. Please remove the file from the source project if this is not desired.
WARNING: [IP_Flow 19-4308] Project file 'c:/Users/kluck/Downloads/sdup_projekt/GeneratorArbitralny/GeneratorArbitralny/GeneratorArbitralny.srcs/sources_1/new/wave_bram.sv' is not found in the component files. It will be added automatically when merging sources and repackaging. Please remove the file from the source project if this is not desired.
WARNING: [IP_Flow 19-4308] Project file 'c:/Users/kluck/Downloads/sdup_projekt/GeneratorArbitralny/GeneratorArbitralny/GeneratorArbitralny.sim/sim_1/behav/xsim/waveform.mem' is not found in the component files. It will be added automatically when merging sources and repackaging. Please remove the file from the source project if this is not desired.
set_property core_revision 3 [ipx::current_core]
ipx::create_xgui_files [ipx::current_core]
ipx::update_checksums [ipx::current_core]
ipx::save_core [ipx::current_core]
update_ip_catalog -rebuild -repo_path c:/Users/kluck/Downloads/sdup_projekt/GeneratorArbitralny/ip_repo/awg_axi_1.0
INFO: [IP_Flow 19-725] Reloaded user IP repository 'c:/Users/kluck/Downloads/sdup_projekt/GeneratorArbitralny/ip_repo/awg_axi_1.0'
ipx::merge_project_changes ports [ipx::current_core]
WARNING: [IP_Flow 19-5226] Project source file 'c:/Users/kluck/Downloads/sdup_projekt/GeneratorArbitralny/ip_repo/awg_axi_1.0/component.xml' ignored by IP packager.
INFO: [IP_Flow 19-5169] Module 'awg_axi_v1_0' uses SystemVerilog sources with a Verilog top file. These SystemVerilog files will not be analysed by the packager.
INFO: [IP_Flow 19-3166] Bus Interface 'S00_AXI': References existing memory map 'S00_AXI'.
set_property core_revision 4 [ipx::current_core]
ipx::create_xgui_files [ipx::current_core]
ipx::update_checksums [ipx::current_core]
ipx::save_core [ipx::current_core]
update_ip_catalog -rebuild -repo_path c:/Users/kluck/Downloads/sdup_projekt/GeneratorArbitralny/ip_repo/awg_axi_1.0
INFO: [IP_Flow 19-725] Reloaded user IP repository 'c:/Users/kluck/Downloads/sdup_projekt/GeneratorArbitralny/ip_repo/awg_axi_1.0'
exit
INFO: [Common 17-206] Exiting Vivado at Tue Jun  2 00:11:38 2026...
