#-----------------------------------------------------------
# Vivado v2018.3 (64-bit)
# SW Build 2405991 on Thu Dec  6 23:38:27 MST 2018
# IP Build 2404404 on Fri Dec  7 01:43:56 MST 2018
# Start of session at: Tue Jun  2 12:40:59 2026
# Process ID: 9688
# Current directory: C:/Users/palka/Documents/SDUP/sdup_projekt/sdup_projekt/GeneratorArbitralny/GeneratorArbitralny
# Command line: vivado.exe -gui_launcher_event rodinguilauncherevent11920 C:\Users\palka\Documents\SDUP\sdup_projekt\sdup_projekt\GeneratorArbitralny\GeneratorArbitralny\GeneratorArbitralny.xpr
# Log file: C:/Users/palka/Documents/SDUP/sdup_projekt/sdup_projekt/GeneratorArbitralny/GeneratorArbitralny/vivado.log
# Journal file: C:/Users/palka/Documents/SDUP/sdup_projekt/sdup_projekt/GeneratorArbitralny/GeneratorArbitralny\vivado.jou
#-----------------------------------------------------------
start_gui
open_project C:/Users/palka/Documents/SDUP/sdup_projekt/sdup_projekt/GeneratorArbitralny/GeneratorArbitralny/GeneratorArbitralny.xpr
INFO: [ProjectBase 1-489] The host OS only allows 260 characters in a normal path. The project is stored in a path with more than 80 characters. If you experience issues with IP, Block Designs, or files not being found, please consider moving the project to a location with a shorter path. Alternately consider using the OS subst command to map part of the path to a drive letter.
Current project path is 'C:/Users/palka/Documents/SDUP/sdup_projekt/sdup_projekt/GeneratorArbitralny/GeneratorArbitralny'
INFO: [Project 1-313] Project file moved from 'C:/Users/kluck/Downloads/sdup_projekt/GeneratorArbitralny/GeneratorArbitralny' since last save.
Scanning sources...
Finished scanning sources
INFO: [IP_Flow 19-234] Refreshing IP repositories
INFO: [IP_Flow 19-1700] Loaded user IP repository 'c:/Users/palka/Documents/SDUP/sdup_projekt/sdup_projekt/GeneratorArbitralny/ip_repo/awg_axi_1.0'.
INFO: [IP_Flow 19-2313] Loaded Vivado IP repository 'C:/Xilinx/Vivado/2018.3/data/ip'.
open_project: Time (s): cpu = 00:00:11 ; elapsed = 00:00:07 . Memory (MB): peak = 694.848 ; gain = 100.219
update_compile_order -fileset sources_1
exit
INFO: [Common 17-206] Exiting Vivado at Tue Jun  2 12:49:23 2026...
