20:26:55 INFO  : Registering command handlers for SDK TCF services
20:26:55 INFO  : Launching XSCT server: xsct.bat -interactive C:\repos\GeneratorArbitralny\gen_arb_z_ip\gen_arb_z_ip.sdk\temp_xsdb_launch_script.tcl
20:26:56 INFO  : XSCT server has started successfully.
20:26:56 INFO  : Successfully done setting XSCT server connection channel  
20:26:56 INFO  : Successfully done setting SDK workspace  
20:26:56 INFO  : Processing command line option -hwspec C:/repos/GeneratorArbitralny/gen_arb_z_ip/gen_arb_z_ip.sdk/design_awg_wrapper.hdf.
20:31:24 INFO  : 'targets -set -filter {jtag_cable_name =~ "Digilent Zybo Z7 210351A6C862A" && level==0} -index 1' command is executed.
20:31:24 INFO  : 'fpga -state' command is executed.
20:31:29 INFO  : Connected to target on host '127.0.0.1' and port '3121'.
20:31:29 INFO  : Jtag cable 'Digilent Zybo Z7 210351A6C862A' is selected.
20:31:29 INFO  : 'jtag frequency' command is executed.
20:31:30 INFO  : Context for 'APU' is selected.
20:31:30 INFO  : Hardware design information is loaded from 'C:/repos/GeneratorArbitralny/gen_arb_z_ip/gen_arb_z_ip.sdk/design_awg_wrapper_hw_platform_0/system.hdf'.
20:31:30 INFO  : 'configparams force-mem-access 1' command is executed.
20:31:30 INFO  : 'configparams mdm-detect-bscan-mask 2' command is executed.
20:31:34 ERROR : no targets found with "name =~ "microblaze*#0" && bscan=="USER2"  && jtag_cable_name =~ "Digilent Zybo Z7 210351A6C862A"". available targets:
  1* APU
     2  ARM Cortex-A9 MPCore #0 (Running)
     3  ARM Cortex-A9 MPCore #1 (Running)
  4  xc7z010
20:31:34 INFO  : ----------------XSDB Script----------------
connect -url tcp:127.0.0.1:3121
targets -set -nocase -filter {name =~"APU*" && jtag_cable_name =~ "Digilent Zybo Z7 210351A6C862A"} -index 0
loadhw -hw C:/repos/GeneratorArbitralny/gen_arb_z_ip/gen_arb_z_ip.sdk/design_awg_wrapper_hw_platform_0/system.hdf -mem-ranges [list {0x40000000 0xbfffffff}]
configparams force-mem-access 1
configparams mdm-detect-bscan-mask 2
targets -set -nocase -filter {name =~ "microblaze*#0" && bscan=="USER2"  && jtag_cable_name =~ "Digilent Zybo Z7 210351A6C862A"} -index 1
----------------End of Script----------------

20:32:55 INFO  : Connected to target on host '127.0.0.1' and port '3121'.
20:32:55 INFO  : 'targets -set -filter {jtag_cable_name =~ "Digilent Zybo Z7 210351A6C862A" && level==0} -index 1' command is executed.
20:32:57 INFO  : FPGA configured successfully with bitstream "C:/repos/GeneratorArbitralny/gen_arb_z_ip/gen_arb_z_ip.sdk/design_awg_wrapper_hw_platform_0/download.bit"
20:33:55 INFO  : 'targets -set -filter {jtag_cable_name =~ "Digilent Zybo Z7 210351A6C862A" && level==0} -index 1' command is executed.
20:33:55 INFO  : 'fpga -state' command is executed.
20:33:55 INFO  : Connected to target on host '127.0.0.1' and port '3121'.
20:33:55 INFO  : Jtag cable 'Digilent Zybo Z7 210351A6C862A' is selected.
20:33:55 INFO  : 'jtag frequency' command is executed.
20:33:55 INFO  : Context for 'APU' is selected.
20:33:55 INFO  : Hardware design information is loaded from 'C:/repos/GeneratorArbitralny/gen_arb_z_ip/gen_arb_z_ip.sdk/design_awg_wrapper_hw_platform_0/system.hdf'.
20:33:55 INFO  : 'configparams force-mem-access 1' command is executed.
20:33:55 INFO  : 'configparams mdm-detect-bscan-mask 2' command is executed.
20:33:55 INFO  : Context for processor 'microblaze_0' is selected.
20:33:55 INFO  : Processor reset is completed for 'microblaze_0'.
20:33:55 INFO  : Context for processor 'microblaze_0' is selected.
20:33:55 INFO  : The application 'C:/repos/GeneratorArbitralny/gen_arb_z_ip/gen_arb_z_ip.sdk/awg_gen/Debug/awg_gen.elf' is downloaded to processor 'microblaze_0'.
20:33:55 INFO  : 'configparams force-mem-access 0' command is executed.
20:33:55 INFO  : ----------------XSDB Script----------------
connect -url tcp:127.0.0.1:3121
targets -set -nocase -filter {name =~"APU*" && jtag_cable_name =~ "Digilent Zybo Z7 210351A6C862A"} -index 0
loadhw -hw C:/repos/GeneratorArbitralny/gen_arb_z_ip/gen_arb_z_ip.sdk/design_awg_wrapper_hw_platform_0/system.hdf -mem-ranges [list {0x40000000 0xbfffffff}]
configparams force-mem-access 1
configparams mdm-detect-bscan-mask 2
targets -set -nocase -filter {name =~ "microblaze*#0" && bscan=="USER2"  && jtag_cable_name =~ "Digilent Zybo Z7 210351A6C862A"} -index 1
rst -processor
targets -set -nocase -filter {name =~ "microblaze*#0" && bscan=="USER2"  && jtag_cable_name =~ "Digilent Zybo Z7 210351A6C862A"} -index 1
dow C:/repos/GeneratorArbitralny/gen_arb_z_ip/gen_arb_z_ip.sdk/awg_gen/Debug/awg_gen.elf
configparams force-mem-access 0
----------------End of Script----------------

20:33:55 INFO  : Memory regions updated for context MicroBlaze #0
20:33:55 INFO  : Memory regions updated for context MicroBlaze Debug Module at USER2
20:33:55 INFO  : Context for processor 'microblaze_0' is selected.
20:33:55 INFO  : 'con' command is executed.
20:33:55 INFO  : ----------------XSDB Script (After Launch)----------------
targets -set -nocase -filter {name =~ "microblaze*#0" && bscan=="USER2"  && jtag_cable_name =~ "Digilent Zybo Z7 210351A6C862A"} -index 1
con
----------------End of Script----------------

20:33:55 INFO  : Launch script is exported to file 'C:\repos\GeneratorArbitralny\gen_arb_z_ip\gen_arb_z_ip.sdk\.sdk\launch_scripts\xilinx_c-c++_application_(system_debugger)\system_debugger_using_debug_awg_gen.elf_on_local.tcl'
20:35:37 INFO  : Connected to target on host '127.0.0.1' and port '3121'.
20:36:22 INFO  : Connected to target on host '127.0.0.1' and port '3121'.
20:36:22 INFO  : 'targets -set -filter {jtag_cable_name =~ "Digilent Zybo Z7 210351A6C862A" && level==0} -index 1' command is executed.
20:36:24 INFO  : FPGA configured successfully with bitstream "C:/repos/GeneratorArbitralny/gen_arb_z_ip/gen_arb_z_ip.sdk/design_awg_wrapper_hw_platform_0/download.bit"
20:36:43 INFO  : Disconnected from the channel tcfchan#1.
20:36:44 INFO  : 'targets -set -filter {jtag_cable_name =~ "Digilent Zybo Z7 210351A6C862A" && level==0} -index 1' command is executed.
20:36:44 INFO  : 'fpga -state' command is executed.
20:36:44 INFO  : Connected to target on host '127.0.0.1' and port '3121'.
20:36:44 INFO  : Jtag cable 'Digilent Zybo Z7 210351A6C862A' is selected.
20:36:44 INFO  : 'jtag frequency' command is executed.
20:36:44 INFO  : Context for 'APU' is selected.
20:36:44 INFO  : Hardware design information is loaded from 'C:/repos/GeneratorArbitralny/gen_arb_z_ip/gen_arb_z_ip.sdk/design_awg_wrapper_hw_platform_0/system.hdf'.
20:36:44 INFO  : 'configparams force-mem-access 1' command is executed.
20:36:44 INFO  : 'configparams mdm-detect-bscan-mask 2' command is executed.
20:36:44 INFO  : Context for processor 'microblaze_0' is selected.
20:36:44 INFO  : Processor reset is completed for 'microblaze_0'.
20:36:44 INFO  : Context for processor 'microblaze_0' is selected.
20:36:44 INFO  : The application 'C:/repos/GeneratorArbitralny/gen_arb_z_ip/gen_arb_z_ip.sdk/awg_gen/Debug/awg_gen.elf' is downloaded to processor 'microblaze_0'.
20:36:44 INFO  : 'configparams force-mem-access 0' command is executed.
20:36:44 INFO  : ----------------XSDB Script----------------
connect -url tcp:127.0.0.1:3121
targets -set -nocase -filter {name =~"APU*" && jtag_cable_name =~ "Digilent Zybo Z7 210351A6C862A"} -index 0
loadhw -hw C:/repos/GeneratorArbitralny/gen_arb_z_ip/gen_arb_z_ip.sdk/design_awg_wrapper_hw_platform_0/system.hdf -mem-ranges [list {0x40000000 0xbfffffff}]
configparams force-mem-access 1
configparams mdm-detect-bscan-mask 2
targets -set -nocase -filter {name =~ "microblaze*#0" && bscan=="USER2"  && jtag_cable_name =~ "Digilent Zybo Z7 210351A6C862A"} -index 1
rst -processor
targets -set -nocase -filter {name =~ "microblaze*#0" && bscan=="USER2"  && jtag_cable_name =~ "Digilent Zybo Z7 210351A6C862A"} -index 1
dow C:/repos/GeneratorArbitralny/gen_arb_z_ip/gen_arb_z_ip.sdk/awg_gen/Debug/awg_gen.elf
configparams force-mem-access 0
----------------End of Script----------------

20:36:44 INFO  : Memory regions updated for context MicroBlaze #0
20:36:44 INFO  : Memory regions updated for context MicroBlaze Debug Module at USER2
20:36:44 INFO  : Context for processor 'microblaze_0' is selected.
20:36:44 INFO  : 'con' command is executed.
20:36:44 INFO  : ----------------XSDB Script (After Launch)----------------
targets -set -nocase -filter {name =~ "microblaze*#0" && bscan=="USER2"  && jtag_cable_name =~ "Digilent Zybo Z7 210351A6C862A"} -index 1
con
----------------End of Script----------------

20:36:44 INFO  : Launch script is exported to file 'C:\repos\GeneratorArbitralny\gen_arb_z_ip\gen_arb_z_ip.sdk\.sdk\launch_scripts\xilinx_c-c++_application_(system_debugger)\system_debugger_using_debug_awg_gen.elf_on_local.tcl'
20:36:57 INFO  : Disconnected from the channel tcfchan#2.
20:36:58 INFO  : 'targets -set -filter {jtag_cable_name =~ "Digilent Zybo Z7 210351A6C862A" && level==0} -index 1' command is executed.
20:36:58 INFO  : 'fpga -state' command is executed.
20:36:58 INFO  : Connected to target on host '127.0.0.1' and port '3121'.
20:36:58 INFO  : Jtag cable 'Digilent Zybo Z7 210351A6C862A' is selected.
20:36:58 INFO  : 'jtag frequency' command is executed.
20:36:58 INFO  : Context for 'APU' is selected.
20:36:58 INFO  : Hardware design information is loaded from 'C:/repos/GeneratorArbitralny/gen_arb_z_ip/gen_arb_z_ip.sdk/design_awg_wrapper_hw_platform_0/system.hdf'.
20:36:58 INFO  : 'configparams force-mem-access 1' command is executed.
20:36:58 INFO  : 'configparams mdm-detect-bscan-mask 2' command is executed.
20:36:58 INFO  : Context for processor 'microblaze_0' is selected.
20:36:58 INFO  : Processor reset is completed for 'microblaze_0'.
20:36:58 INFO  : Context for processor 'microblaze_0' is selected.
20:36:58 INFO  : The application 'C:/repos/GeneratorArbitralny/gen_arb_z_ip/gen_arb_z_ip.sdk/awg_gen/Debug/awg_gen.elf' is downloaded to processor 'microblaze_0'.
20:36:58 INFO  : 'configparams force-mem-access 0' command is executed.
20:36:58 INFO  : ----------------XSDB Script----------------
connect -url tcp:127.0.0.1:3121
targets -set -nocase -filter {name =~"APU*" && jtag_cable_name =~ "Digilent Zybo Z7 210351A6C862A"} -index 0
loadhw -hw C:/repos/GeneratorArbitralny/gen_arb_z_ip/gen_arb_z_ip.sdk/design_awg_wrapper_hw_platform_0/system.hdf -mem-ranges [list {0x40000000 0xbfffffff}]
configparams force-mem-access 1
configparams mdm-detect-bscan-mask 2
targets -set -nocase -filter {name =~ "microblaze*#0" && bscan=="USER2"  && jtag_cable_name =~ "Digilent Zybo Z7 210351A6C862A"} -index 1
rst -processor
targets -set -nocase -filter {name =~ "microblaze*#0" && bscan=="USER2"  && jtag_cable_name =~ "Digilent Zybo Z7 210351A6C862A"} -index 1
dow C:/repos/GeneratorArbitralny/gen_arb_z_ip/gen_arb_z_ip.sdk/awg_gen/Debug/awg_gen.elf
configparams force-mem-access 0
----------------End of Script----------------

20:36:58 INFO  : Memory regions updated for context MicroBlaze #0
20:36:58 INFO  : Memory regions updated for context MicroBlaze Debug Module at USER2
20:36:58 INFO  : Context for processor 'microblaze_0' is selected.
20:36:58 INFO  : 'con' command is executed.
20:36:58 INFO  : ----------------XSDB Script (After Launch)----------------
targets -set -nocase -filter {name =~ "microblaze*#0" && bscan=="USER2"  && jtag_cable_name =~ "Digilent Zybo Z7 210351A6C862A"} -index 1
con
----------------End of Script----------------

20:36:58 INFO  : Launch script is exported to file 'C:\repos\GeneratorArbitralny\gen_arb_z_ip\gen_arb_z_ip.sdk\.sdk\launch_scripts\xilinx_c-c++_application_(system_debugger)\system_debugger_using_debug_awg_gen.elf_on_local.tcl'
20:37:50 INFO  : Disconnected from the channel tcfchan#3.
20:37:51 INFO  : 'targets -set -filter {jtag_cable_name =~ "Digilent Zybo Z7 210351A6C862A" && level==0} -index 1' command is executed.
20:37:51 INFO  : 'fpga -state' command is executed.
20:37:51 INFO  : Connected to target on host '127.0.0.1' and port '3121'.
20:37:51 INFO  : Jtag cable 'Digilent Zybo Z7 210351A6C862A' is selected.
20:37:51 INFO  : 'jtag frequency' command is executed.
20:37:51 INFO  : Context for 'APU' is selected.
20:37:51 INFO  : Hardware design information is loaded from 'C:/repos/GeneratorArbitralny/gen_arb_z_ip/gen_arb_z_ip.sdk/design_awg_wrapper_hw_platform_0/system.hdf'.
20:37:51 INFO  : 'configparams force-mem-access 1' command is executed.
20:37:51 INFO  : 'configparams mdm-detect-bscan-mask 2' command is executed.
20:37:51 INFO  : Context for processor 'microblaze_0' is selected.
20:37:51 INFO  : Processor reset is completed for 'microblaze_0'.
20:37:51 INFO  : Context for processor 'microblaze_0' is selected.
20:37:51 INFO  : The application 'C:/repos/GeneratorArbitralny/gen_arb_z_ip/gen_arb_z_ip.sdk/awg_gen/Debug/awg_gen.elf' is downloaded to processor 'microblaze_0'.
20:37:51 INFO  : 'configparams force-mem-access 0' command is executed.
20:37:51 INFO  : ----------------XSDB Script----------------
connect -url tcp:127.0.0.1:3121
targets -set -nocase -filter {name =~"APU*" && jtag_cable_name =~ "Digilent Zybo Z7 210351A6C862A"} -index 0
loadhw -hw C:/repos/GeneratorArbitralny/gen_arb_z_ip/gen_arb_z_ip.sdk/design_awg_wrapper_hw_platform_0/system.hdf -mem-ranges [list {0x40000000 0xbfffffff}]
configparams force-mem-access 1
configparams mdm-detect-bscan-mask 2
targets -set -nocase -filter {name =~ "microblaze*#0" && bscan=="USER2"  && jtag_cable_name =~ "Digilent Zybo Z7 210351A6C862A"} -index 1
rst -processor
targets -set -nocase -filter {name =~ "microblaze*#0" && bscan=="USER2"  && jtag_cable_name =~ "Digilent Zybo Z7 210351A6C862A"} -index 1
dow C:/repos/GeneratorArbitralny/gen_arb_z_ip/gen_arb_z_ip.sdk/awg_gen/Debug/awg_gen.elf
configparams force-mem-access 0
----------------End of Script----------------

20:37:51 INFO  : Memory regions updated for context MicroBlaze #0
20:37:51 INFO  : Memory regions updated for context MicroBlaze Debug Module at USER2
20:37:51 INFO  : Context for processor 'microblaze_0' is selected.
20:37:52 INFO  : 'con' command is executed.
20:37:52 INFO  : ----------------XSDB Script (After Launch)----------------
targets -set -nocase -filter {name =~ "microblaze*#0" && bscan=="USER2"  && jtag_cable_name =~ "Digilent Zybo Z7 210351A6C862A"} -index 1
con
----------------End of Script----------------

20:37:52 INFO  : Launch script is exported to file 'C:\repos\GeneratorArbitralny\gen_arb_z_ip\gen_arb_z_ip.sdk\.sdk\launch_scripts\xilinx_c-c++_application_(system_debugger)\system_debugger_using_debug_awg_gen.elf_on_local.tcl'
20:40:29 INFO  : Disconnected from the channel tcfchan#4.
20:40:30 INFO  : 'targets -set -filter {jtag_cable_name =~ "Digilent Zybo Z7 210351A6C862A" && level==0} -index 1' command is executed.
20:40:30 INFO  : 'fpga -state' command is executed.
20:40:30 INFO  : Connected to target on host '127.0.0.1' and port '3121'.
20:40:31 INFO  : Jtag cable 'Digilent Zybo Z7 210351A6C862A' is selected.
20:40:31 INFO  : 'jtag frequency' command is executed.
20:40:31 INFO  : Context for 'APU' is selected.
20:40:31 INFO  : Hardware design information is loaded from 'C:/repos/GeneratorArbitralny/gen_arb_z_ip/gen_arb_z_ip.sdk/design_awg_wrapper_hw_platform_0/system.hdf'.
20:40:31 INFO  : 'configparams force-mem-access 1' command is executed.
20:40:31 INFO  : 'configparams mdm-detect-bscan-mask 2' command is executed.
20:40:31 INFO  : Context for processor 'microblaze_0' is selected.
20:40:31 INFO  : Processor reset is completed for 'microblaze_0'.
20:40:31 INFO  : Context for processor 'microblaze_0' is selected.
20:40:31 INFO  : The application 'C:/repos/GeneratorArbitralny/gen_arb_z_ip/gen_arb_z_ip.sdk/awg_gen/Debug/awg_gen.elf' is downloaded to processor 'microblaze_0'.
20:40:31 INFO  : 'configparams force-mem-access 0' command is executed.
20:40:31 INFO  : ----------------XSDB Script----------------
connect -url tcp:127.0.0.1:3121
targets -set -nocase -filter {name =~"APU*" && jtag_cable_name =~ "Digilent Zybo Z7 210351A6C862A"} -index 0
loadhw -hw C:/repos/GeneratorArbitralny/gen_arb_z_ip/gen_arb_z_ip.sdk/design_awg_wrapper_hw_platform_0/system.hdf -mem-ranges [list {0x40000000 0xbfffffff}]
configparams force-mem-access 1
configparams mdm-detect-bscan-mask 2
targets -set -nocase -filter {name =~ "microblaze*#0" && bscan=="USER2"  && jtag_cable_name =~ "Digilent Zybo Z7 210351A6C862A"} -index 1
rst -processor
targets -set -nocase -filter {name =~ "microblaze*#0" && bscan=="USER2"  && jtag_cable_name =~ "Digilent Zybo Z7 210351A6C862A"} -index 1
dow C:/repos/GeneratorArbitralny/gen_arb_z_ip/gen_arb_z_ip.sdk/awg_gen/Debug/awg_gen.elf
configparams force-mem-access 0
----------------End of Script----------------

20:40:31 INFO  : Memory regions updated for context MicroBlaze #0
20:40:31 INFO  : Memory regions updated for context MicroBlaze Debug Module at USER2
20:40:31 INFO  : Context for processor 'microblaze_0' is selected.
20:40:31 INFO  : 'con' command is executed.
20:40:31 INFO  : ----------------XSDB Script (After Launch)----------------
targets -set -nocase -filter {name =~ "microblaze*#0" && bscan=="USER2"  && jtag_cable_name =~ "Digilent Zybo Z7 210351A6C862A"} -index 1
con
----------------End of Script----------------

20:40:31 INFO  : Launch script is exported to file 'C:\repos\GeneratorArbitralny\gen_arb_z_ip\gen_arb_z_ip.sdk\.sdk\launch_scripts\xilinx_c-c++_application_(system_debugger)\system_debugger_using_debug_awg_gen.elf_on_local.tcl'
20:58:12 INFO  : Connected to target on host '127.0.0.1' and port '3121'.
20:58:13 INFO  : 'targets -set -filter {jtag_cable_name =~ "Digilent Zybo Z7 210351A6C862A" && level==0} -index 1' command is executed.
20:58:14 INFO  : FPGA configured successfully with bitstream "C:/repos/GeneratorArbitralny/gen_arb_z_ip/gen_arb_z_ip.sdk/design_awg_wrapper_hw_platform_0/download.bit"
20:58:48 INFO  : Disconnected from the channel tcfchan#5.
20:58:49 INFO  : 'targets -set -filter {jtag_cable_name =~ "Digilent Zybo Z7 210351A6C862A" && level==0} -index 1' command is executed.
20:58:49 INFO  : 'fpga -state' command is executed.
20:58:49 INFO  : Connected to target on host '127.0.0.1' and port '3121'.
20:58:49 INFO  : Jtag cable 'Digilent Zybo Z7 210351A6C862A' is selected.
20:58:49 INFO  : 'jtag frequency' command is executed.
20:58:49 INFO  : Context for 'APU' is selected.
20:58:50 INFO  : Hardware design information is loaded from 'C:/repos/GeneratorArbitralny/gen_arb_z_ip/gen_arb_z_ip.sdk/design_awg_wrapper_hw_platform_0/system.hdf'.
20:58:50 INFO  : 'configparams force-mem-access 1' command is executed.
20:58:50 INFO  : 'configparams mdm-detect-bscan-mask 2' command is executed.
20:58:50 INFO  : Context for processor 'microblaze_0' is selected.
20:58:50 INFO  : Processor reset is completed for 'microblaze_0'.
20:58:50 INFO  : Context for processor 'microblaze_0' is selected.
20:58:50 INFO  : The application 'C:/repos/GeneratorArbitralny/gen_arb_z_ip/gen_arb_z_ip.sdk/awg_gen/Debug/awg_gen.elf' is downloaded to processor 'microblaze_0'.
20:58:50 INFO  : 'configparams force-mem-access 0' command is executed.
20:58:50 INFO  : ----------------XSDB Script----------------
connect -url tcp:127.0.0.1:3121
targets -set -nocase -filter {name =~"APU*" && jtag_cable_name =~ "Digilent Zybo Z7 210351A6C862A"} -index 0
loadhw -hw C:/repos/GeneratorArbitralny/gen_arb_z_ip/gen_arb_z_ip.sdk/design_awg_wrapper_hw_platform_0/system.hdf -mem-ranges [list {0x40000000 0xbfffffff}]
configparams force-mem-access 1
configparams mdm-detect-bscan-mask 2
targets -set -nocase -filter {name =~ "microblaze*#0" && bscan=="USER2"  && jtag_cable_name =~ "Digilent Zybo Z7 210351A6C862A"} -index 1
rst -processor
targets -set -nocase -filter {name =~ "microblaze*#0" && bscan=="USER2"  && jtag_cable_name =~ "Digilent Zybo Z7 210351A6C862A"} -index 1
dow C:/repos/GeneratorArbitralny/gen_arb_z_ip/gen_arb_z_ip.sdk/awg_gen/Debug/awg_gen.elf
configparams force-mem-access 0
----------------End of Script----------------

20:58:50 INFO  : Memory regions updated for context MicroBlaze #0
20:58:50 INFO  : Memory regions updated for context MicroBlaze Debug Module at USER2
20:58:50 INFO  : Context for processor 'microblaze_0' is selected.
20:58:50 INFO  : 'con' command is executed.
20:58:50 INFO  : ----------------XSDB Script (After Launch)----------------
targets -set -nocase -filter {name =~ "microblaze*#0" && bscan=="USER2"  && jtag_cable_name =~ "Digilent Zybo Z7 210351A6C862A"} -index 1
con
----------------End of Script----------------

20:58:50 INFO  : Launch script is exported to file 'C:\repos\GeneratorArbitralny\gen_arb_z_ip\gen_arb_z_ip.sdk\.sdk\launch_scripts\xilinx_c-c++_application_(system_debugger)\system_debugger_using_debug_awg_gen.elf_on_local.tcl'
20:59:23 INFO  : Disconnected from the channel tcfchan#6.
20:59:24 INFO  : 'targets -set -filter {jtag_cable_name =~ "Digilent Zybo Z7 210351A6C862A" && level==0} -index 1' command is executed.
20:59:24 INFO  : 'fpga -state' command is executed.
20:59:24 INFO  : Connected to target on host '127.0.0.1' and port '3121'.
20:59:24 INFO  : Jtag cable 'Digilent Zybo Z7 210351A6C862A' is selected.
20:59:24 INFO  : 'jtag frequency' command is executed.
20:59:25 INFO  : Context for 'APU' is selected.
20:59:25 INFO  : Hardware design information is loaded from 'C:/repos/GeneratorArbitralny/gen_arb_z_ip/gen_arb_z_ip.sdk/design_awg_wrapper_hw_platform_0/system.hdf'.
20:59:25 INFO  : 'configparams force-mem-access 1' command is executed.
20:59:25 INFO  : 'configparams mdm-detect-bscan-mask 2' command is executed.
20:59:25 INFO  : Context for processor 'microblaze_0' is selected.
20:59:25 INFO  : Processor reset is completed for 'microblaze_0'.
20:59:25 INFO  : Context for processor 'microblaze_0' is selected.
20:59:25 INFO  : The application 'C:/repos/GeneratorArbitralny/gen_arb_z_ip/gen_arb_z_ip.sdk/awg_gen/Debug/awg_gen.elf' is downloaded to processor 'microblaze_0'.
20:59:25 INFO  : 'configparams force-mem-access 0' command is executed.
20:59:25 INFO  : ----------------XSDB Script----------------
connect -url tcp:127.0.0.1:3121
targets -set -nocase -filter {name =~"APU*" && jtag_cable_name =~ "Digilent Zybo Z7 210351A6C862A"} -index 0
loadhw -hw C:/repos/GeneratorArbitralny/gen_arb_z_ip/gen_arb_z_ip.sdk/design_awg_wrapper_hw_platform_0/system.hdf -mem-ranges [list {0x40000000 0xbfffffff}]
configparams force-mem-access 1
configparams mdm-detect-bscan-mask 2
targets -set -nocase -filter {name =~ "microblaze*#0" && bscan=="USER2"  && jtag_cable_name =~ "Digilent Zybo Z7 210351A6C862A"} -index 1
rst -processor
targets -set -nocase -filter {name =~ "microblaze*#0" && bscan=="USER2"  && jtag_cable_name =~ "Digilent Zybo Z7 210351A6C862A"} -index 1
dow C:/repos/GeneratorArbitralny/gen_arb_z_ip/gen_arb_z_ip.sdk/awg_gen/Debug/awg_gen.elf
configparams force-mem-access 0
----------------End of Script----------------

20:59:25 INFO  : Memory regions updated for context MicroBlaze #0
20:59:25 INFO  : Memory regions updated for context MicroBlaze Debug Module at USER2
20:59:25 INFO  : Context for processor 'microblaze_0' is selected.
20:59:25 INFO  : 'con' command is executed.
20:59:25 INFO  : ----------------XSDB Script (After Launch)----------------
targets -set -nocase -filter {name =~ "microblaze*#0" && bscan=="USER2"  && jtag_cable_name =~ "Digilent Zybo Z7 210351A6C862A"} -index 1
con
----------------End of Script----------------

20:59:25 INFO  : Launch script is exported to file 'C:\repos\GeneratorArbitralny\gen_arb_z_ip\gen_arb_z_ip.sdk\.sdk\launch_scripts\xilinx_c-c++_application_(system_debugger)\system_debugger_using_debug_awg_gen.elf_on_local.tcl'
21:01:09 INFO  : Disconnected from the channel tcfchan#7.
21:10:45 INFO  : Registering command handlers for SDK TCF services
21:10:45 INFO  : Launching XSCT server: xsct.bat -interactive C:\repos\GeneratorArbitralny\gen_arb_z_ip\gen_arb_z_ip.sdk\temp_xsdb_launch_script.tcl
21:10:47 INFO  : XSCT server has started successfully.
21:10:47 INFO  : Successfully done setting XSCT server connection channel  
21:10:47 INFO  : Successfully done setting SDK workspace  
21:10:47 INFO  : Processing command line option -hwspec C:/repos/GeneratorArbitralny/gen_arb_z_ip/gen_arb_z_ip.sdk/design_awg_wrapper.hdf.
21:10:47 INFO  : Checking for hwspec changes in the project design_awg_wrapper_hw_platform_0.
21:10:47 INFO  : SDK has detected change in the last modified timestamps for source hardware specification file Source:1781032202324,  Project:1781028929045
21:10:47 INFO  : The hardware specification for project 'design_awg_wrapper_hw_platform_0' is different from C:/repos/GeneratorArbitralny/gen_arb_z_ip/gen_arb_z_ip.sdk/design_awg_wrapper.hdf.
21:10:47 INFO  : Copied contents of C:/repos/GeneratorArbitralny/gen_arb_z_ip/gen_arb_z_ip.sdk/design_awg_wrapper.hdf into \design_awg_wrapper_hw_platform_0\system.hdf.
21:10:47 INFO  : Synchronizing projects in the workspace with the hardware platform specification changes.
21:10:49 INFO  : 
21:10:50 INFO  : Updating hardware inferred compiler options for awg_gen.
21:10:50 INFO  : Clearing existing target manager status.
21:11:11 INFO  : Connected to target on host '127.0.0.1' and port '3121'.
21:11:12 INFO  : 'targets -set -filter {jtag_cable_name =~ "Digilent Zybo Z7 210351A6C862A" && level==0} -index 1' command is executed.
21:11:13 INFO  : FPGA configured successfully with bitstream "C:/repos/GeneratorArbitralny/gen_arb_z_ip/gen_arb_z_ip.sdk/design_awg_wrapper_hw_platform_0/download.bit"
21:11:21 INFO  : 'targets -set -filter {jtag_cable_name =~ "Digilent Zybo Z7 210351A6C862A" && level==0} -index 1' command is executed.
21:11:21 INFO  : 'fpga -state' command is executed.
21:11:21 INFO  : Connected to target on host '127.0.0.1' and port '3121'.
21:11:21 INFO  : Jtag cable 'Digilent Zybo Z7 210351A6C862A' is selected.
21:11:21 INFO  : 'jtag frequency' command is executed.
21:11:21 INFO  : Context for 'APU' is selected.
21:11:21 INFO  : Hardware design information is loaded from 'C:/repos/GeneratorArbitralny/gen_arb_z_ip/gen_arb_z_ip.sdk/design_awg_wrapper_hw_platform_0/system.hdf'.
21:11:21 INFO  : 'configparams force-mem-access 1' command is executed.
21:11:21 INFO  : 'configparams mdm-detect-bscan-mask 2' command is executed.
21:11:21 INFO  : Context for processor 'microblaze_0' is selected.
21:11:21 INFO  : Processor reset is completed for 'microblaze_0'.
21:11:21 INFO  : Context for processor 'microblaze_0' is selected.
21:11:21 INFO  : The application 'C:/repos/GeneratorArbitralny/gen_arb_z_ip/gen_arb_z_ip.sdk/awg_gen/Debug/awg_gen.elf' is downloaded to processor 'microblaze_0'.
21:11:21 INFO  : 'configparams force-mem-access 0' command is executed.
21:11:21 INFO  : ----------------XSDB Script----------------
connect -url tcp:127.0.0.1:3121
targets -set -nocase -filter {name =~"APU*" && jtag_cable_name =~ "Digilent Zybo Z7 210351A6C862A"} -index 0
loadhw -hw C:/repos/GeneratorArbitralny/gen_arb_z_ip/gen_arb_z_ip.sdk/design_awg_wrapper_hw_platform_0/system.hdf -mem-ranges [list {0x40000000 0xbfffffff}]
configparams force-mem-access 1
configparams mdm-detect-bscan-mask 2
targets -set -nocase -filter {name =~ "microblaze*#0" && bscan=="USER2"  && jtag_cable_name =~ "Digilent Zybo Z7 210351A6C862A"} -index 1
rst -processor
targets -set -nocase -filter {name =~ "microblaze*#0" && bscan=="USER2"  && jtag_cable_name =~ "Digilent Zybo Z7 210351A6C862A"} -index 1
dow C:/repos/GeneratorArbitralny/gen_arb_z_ip/gen_arb_z_ip.sdk/awg_gen/Debug/awg_gen.elf
configparams force-mem-access 0
----------------End of Script----------------

21:11:21 INFO  : Memory regions updated for context MicroBlaze #0
21:11:21 INFO  : Memory regions updated for context MicroBlaze Debug Module at USER2
21:11:22 INFO  : Context for processor 'microblaze_0' is selected.
21:11:22 INFO  : 'con' command is executed.
21:11:22 INFO  : ----------------XSDB Script (After Launch)----------------
targets -set -nocase -filter {name =~ "microblaze*#0" && bscan=="USER2"  && jtag_cable_name =~ "Digilent Zybo Z7 210351A6C862A"} -index 1
con
----------------End of Script----------------

21:11:22 INFO  : Launch script is exported to file 'C:\repos\GeneratorArbitralny\gen_arb_z_ip\gen_arb_z_ip.sdk\.sdk\launch_scripts\xilinx_c-c++_application_(system_debugger)\system_debugger_using_debug_awg_gen.elf_on_local.tcl'
21:11:35 INFO  : Disconnected from the channel tcfchan#1.
21:11:37 INFO  : 'targets -set -filter {jtag_cable_name =~ "Digilent Zybo Z7 210351A6C862A" && level==0} -index 1' command is executed.
21:11:37 INFO  : 'fpga -state' command is executed.
21:11:37 INFO  : Connected to target on host '127.0.0.1' and port '3121'.
21:11:37 INFO  : Jtag cable 'Digilent Zybo Z7 210351A6C862A' is selected.
21:11:37 INFO  : 'jtag frequency' command is executed.
21:11:37 INFO  : Context for 'APU' is selected.
21:11:37 INFO  : Hardware design information is loaded from 'C:/repos/GeneratorArbitralny/gen_arb_z_ip/gen_arb_z_ip.sdk/design_awg_wrapper_hw_platform_0/system.hdf'.
21:11:37 INFO  : 'configparams force-mem-access 1' command is executed.
21:11:37 INFO  : 'configparams mdm-detect-bscan-mask 2' command is executed.
21:11:37 INFO  : Context for processor 'microblaze_0' is selected.
21:11:37 INFO  : Processor reset is completed for 'microblaze_0'.
21:11:37 INFO  : Context for processor 'microblaze_0' is selected.
21:11:37 INFO  : The application 'C:/repos/GeneratorArbitralny/gen_arb_z_ip/gen_arb_z_ip.sdk/awg_gen/Debug/awg_gen.elf' is downloaded to processor 'microblaze_0'.
21:11:37 INFO  : 'configparams force-mem-access 0' command is executed.
21:11:37 INFO  : ----------------XSDB Script----------------
connect -url tcp:127.0.0.1:3121
targets -set -nocase -filter {name =~"APU*" && jtag_cable_name =~ "Digilent Zybo Z7 210351A6C862A"} -index 0
loadhw -hw C:/repos/GeneratorArbitralny/gen_arb_z_ip/gen_arb_z_ip.sdk/design_awg_wrapper_hw_platform_0/system.hdf -mem-ranges [list {0x40000000 0xbfffffff}]
configparams force-mem-access 1
configparams mdm-detect-bscan-mask 2
targets -set -nocase -filter {name =~ "microblaze*#0" && bscan=="USER2"  && jtag_cable_name =~ "Digilent Zybo Z7 210351A6C862A"} -index 1
rst -processor
targets -set -nocase -filter {name =~ "microblaze*#0" && bscan=="USER2"  && jtag_cable_name =~ "Digilent Zybo Z7 210351A6C862A"} -index 1
dow C:/repos/GeneratorArbitralny/gen_arb_z_ip/gen_arb_z_ip.sdk/awg_gen/Debug/awg_gen.elf
configparams force-mem-access 0
----------------End of Script----------------

21:11:37 INFO  : Memory regions updated for context MicroBlaze #0
21:11:37 INFO  : Memory regions updated for context MicroBlaze Debug Module at USER2
21:11:37 INFO  : Context for processor 'microblaze_0' is selected.
21:11:37 INFO  : 'con' command is executed.
21:11:37 INFO  : ----------------XSDB Script (After Launch)----------------
targets -set -nocase -filter {name =~ "microblaze*#0" && bscan=="USER2"  && jtag_cable_name =~ "Digilent Zybo Z7 210351A6C862A"} -index 1
con
----------------End of Script----------------

21:11:37 INFO  : Launch script is exported to file 'C:\repos\GeneratorArbitralny\gen_arb_z_ip\gen_arb_z_ip.sdk\.sdk\launch_scripts\xilinx_c-c++_application_(system_debugger)\system_debugger_using_debug_awg_gen.elf_on_local.tcl'
21:12:23 INFO  : Connected to target on host '127.0.0.1' and port '3121'.
21:12:23 INFO  : 'targets -set -filter {jtag_cable_name =~ "Digilent Zybo Z7 210351A6C862A" && level==0} -index 1' command is executed.
21:12:24 INFO  : FPGA configured successfully with bitstream "C:/repos/GeneratorArbitralny/gen_arb_z_ip/gen_arb_z_ip.sdk/design_awg_wrapper_hw_platform_0/download.bit"
21:12:33 INFO  : Disconnected from the channel tcfchan#2.
21:12:34 INFO  : 'targets -set -filter {jtag_cable_name =~ "Digilent Zybo Z7 210351A6C862A" && level==0} -index 1' command is executed.
21:12:34 INFO  : 'fpga -state' command is executed.
21:12:34 INFO  : Connected to target on host '127.0.0.1' and port '3121'.
21:12:34 INFO  : Jtag cable 'Digilent Zybo Z7 210351A6C862A' is selected.
21:12:34 INFO  : 'jtag frequency' command is executed.
21:12:34 INFO  : Context for 'APU' is selected.
21:12:34 INFO  : Hardware design information is loaded from 'C:/repos/GeneratorArbitralny/gen_arb_z_ip/gen_arb_z_ip.sdk/design_awg_wrapper_hw_platform_0/system.hdf'.
21:12:34 INFO  : 'configparams force-mem-access 1' command is executed.
21:12:34 INFO  : 'configparams mdm-detect-bscan-mask 2' command is executed.
21:12:34 INFO  : Context for processor 'microblaze_0' is selected.
21:12:34 INFO  : Processor reset is completed for 'microblaze_0'.
21:12:34 INFO  : Context for processor 'microblaze_0' is selected.
21:12:34 INFO  : The application 'C:/repos/GeneratorArbitralny/gen_arb_z_ip/gen_arb_z_ip.sdk/awg_gen/Debug/awg_gen.elf' is downloaded to processor 'microblaze_0'.
21:12:34 INFO  : 'configparams force-mem-access 0' command is executed.
21:12:34 INFO  : ----------------XSDB Script----------------
connect -url tcp:127.0.0.1:3121
targets -set -nocase -filter {name =~"APU*" && jtag_cable_name =~ "Digilent Zybo Z7 210351A6C862A"} -index 0
loadhw -hw C:/repos/GeneratorArbitralny/gen_arb_z_ip/gen_arb_z_ip.sdk/design_awg_wrapper_hw_platform_0/system.hdf -mem-ranges [list {0x40000000 0xbfffffff}]
configparams force-mem-access 1
configparams mdm-detect-bscan-mask 2
targets -set -nocase -filter {name =~ "microblaze*#0" && bscan=="USER2"  && jtag_cable_name =~ "Digilent Zybo Z7 210351A6C862A"} -index 1
rst -processor
targets -set -nocase -filter {name =~ "microblaze*#0" && bscan=="USER2"  && jtag_cable_name =~ "Digilent Zybo Z7 210351A6C862A"} -index 1
dow C:/repos/GeneratorArbitralny/gen_arb_z_ip/gen_arb_z_ip.sdk/awg_gen/Debug/awg_gen.elf
configparams force-mem-access 0
----------------End of Script----------------

21:12:34 INFO  : Memory regions updated for context MicroBlaze #0
21:12:34 INFO  : Memory regions updated for context MicroBlaze Debug Module at USER2
21:12:34 INFO  : Context for processor 'microblaze_0' is selected.
21:12:34 INFO  : 'con' command is executed.
21:12:34 INFO  : ----------------XSDB Script (After Launch)----------------
targets -set -nocase -filter {name =~ "microblaze*#0" && bscan=="USER2"  && jtag_cable_name =~ "Digilent Zybo Z7 210351A6C862A"} -index 1
con
----------------End of Script----------------

21:12:34 INFO  : Launch script is exported to file 'C:\repos\GeneratorArbitralny\gen_arb_z_ip\gen_arb_z_ip.sdk\.sdk\launch_scripts\xilinx_c-c++_application_(system_debugger)\system_debugger_using_debug_awg_gen.elf_on_local.tcl'
21:15:29 INFO  : Connected to target on host '127.0.0.1' and port '3121'.
21:15:29 INFO  : 'targets -set -filter {jtag_cable_name =~ "Digilent Zybo Z7 210351A6C862A" && level==0} -index 1' command is executed.
21:15:30 INFO  : FPGA configured successfully with bitstream "C:/repos/GeneratorArbitralny/gen_arb_z_ip/gen_arb_z_ip.sdk/design_awg_wrapper_hw_platform_0/download.bit"
21:15:37 INFO  : Disconnected from the channel tcfchan#3.
21:15:38 INFO  : 'targets -set -filter {jtag_cable_name =~ "Digilent Zybo Z7 210351A6C862A" && level==0} -index 1' command is executed.
21:15:38 INFO  : 'fpga -state' command is executed.
21:15:38 INFO  : Connected to target on host '127.0.0.1' and port '3121'.
21:15:38 INFO  : Jtag cable 'Digilent Zybo Z7 210351A6C862A' is selected.
21:15:38 INFO  : 'jtag frequency' command is executed.
21:15:38 INFO  : Context for 'APU' is selected.
21:15:38 INFO  : Hardware design information is loaded from 'C:/repos/GeneratorArbitralny/gen_arb_z_ip/gen_arb_z_ip.sdk/design_awg_wrapper_hw_platform_0/system.hdf'.
21:15:38 INFO  : 'configparams force-mem-access 1' command is executed.
21:15:38 INFO  : 'configparams mdm-detect-bscan-mask 2' command is executed.
21:15:38 INFO  : Context for processor 'microblaze_0' is selected.
21:15:38 INFO  : Processor reset is completed for 'microblaze_0'.
21:15:38 INFO  : Context for processor 'microblaze_0' is selected.
21:15:39 INFO  : The application 'C:/repos/GeneratorArbitralny/gen_arb_z_ip/gen_arb_z_ip.sdk/awg_gen/Debug/awg_gen.elf' is downloaded to processor 'microblaze_0'.
21:15:39 INFO  : 'configparams force-mem-access 0' command is executed.
21:15:39 INFO  : ----------------XSDB Script----------------
connect -url tcp:127.0.0.1:3121
targets -set -nocase -filter {name =~"APU*" && jtag_cable_name =~ "Digilent Zybo Z7 210351A6C862A"} -index 0
loadhw -hw C:/repos/GeneratorArbitralny/gen_arb_z_ip/gen_arb_z_ip.sdk/design_awg_wrapper_hw_platform_0/system.hdf -mem-ranges [list {0x40000000 0xbfffffff}]
configparams force-mem-access 1
configparams mdm-detect-bscan-mask 2
targets -set -nocase -filter {name =~ "microblaze*#0" && bscan=="USER2"  && jtag_cable_name =~ "Digilent Zybo Z7 210351A6C862A"} -index 1
rst -processor
targets -set -nocase -filter {name =~ "microblaze*#0" && bscan=="USER2"  && jtag_cable_name =~ "Digilent Zybo Z7 210351A6C862A"} -index 1
dow C:/repos/GeneratorArbitralny/gen_arb_z_ip/gen_arb_z_ip.sdk/awg_gen/Debug/awg_gen.elf
configparams force-mem-access 0
----------------End of Script----------------

21:15:39 INFO  : Memory regions updated for context MicroBlaze #0
21:15:39 INFO  : Memory regions updated for context MicroBlaze Debug Module at USER2
21:15:39 INFO  : Context for processor 'microblaze_0' is selected.
21:15:39 INFO  : 'con' command is executed.
21:15:39 INFO  : ----------------XSDB Script (After Launch)----------------
targets -set -nocase -filter {name =~ "microblaze*#0" && bscan=="USER2"  && jtag_cable_name =~ "Digilent Zybo Z7 210351A6C862A"} -index 1
con
----------------End of Script----------------

21:15:39 INFO  : Launch script is exported to file 'C:\repos\GeneratorArbitralny\gen_arb_z_ip\gen_arb_z_ip.sdk\.sdk\launch_scripts\xilinx_c-c++_application_(system_debugger)\system_debugger_using_debug_awg_gen.elf_on_local.tcl'
21:18:37 INFO  : Connected to target on host '127.0.0.1' and port '3121'.
21:18:37 INFO  : 'targets -set -filter {jtag_cable_name =~ "Digilent Zybo Z7 210351A6C862A" && level==0} -index 1' command is executed.
21:18:38 INFO  : FPGA configured successfully with bitstream "C:/repos/GeneratorArbitralny/gen_arb_z_ip/gen_arb_z_ip.sdk/design_awg_wrapper_hw_platform_0/download.bit"
21:19:29 INFO  : Disconnected from the channel tcfchan#4.
21:19:30 INFO  : 'targets -set -filter {jtag_cable_name =~ "Digilent Zybo Z7 210351A6C862A" && level==0} -index 1' command is executed.
21:19:30 INFO  : 'fpga -state' command is executed.
21:19:30 INFO  : Connected to target on host '127.0.0.1' and port '3121'.
21:19:30 INFO  : Jtag cable 'Digilent Zybo Z7 210351A6C862A' is selected.
21:19:30 INFO  : 'jtag frequency' command is executed.
21:19:30 INFO  : Context for 'APU' is selected.
21:19:30 INFO  : Hardware design information is loaded from 'C:/repos/GeneratorArbitralny/gen_arb_z_ip/gen_arb_z_ip.sdk/design_awg_wrapper_hw_platform_0/system.hdf'.
21:19:30 INFO  : 'configparams force-mem-access 1' command is executed.
21:19:30 INFO  : 'configparams mdm-detect-bscan-mask 2' command is executed.
21:19:30 INFO  : Context for processor 'microblaze_0' is selected.
21:19:30 INFO  : Processor reset is completed for 'microblaze_0'.
21:19:30 INFO  : Context for processor 'microblaze_0' is selected.
21:19:31 INFO  : The application 'C:/repos/GeneratorArbitralny/gen_arb_z_ip/gen_arb_z_ip.sdk/awg_gen/Debug/awg_gen.elf' is downloaded to processor 'microblaze_0'.
21:19:31 INFO  : 'configparams force-mem-access 0' command is executed.
21:19:31 INFO  : ----------------XSDB Script----------------
connect -url tcp:127.0.0.1:3121
targets -set -nocase -filter {name =~"APU*" && jtag_cable_name =~ "Digilent Zybo Z7 210351A6C862A"} -index 0
loadhw -hw C:/repos/GeneratorArbitralny/gen_arb_z_ip/gen_arb_z_ip.sdk/design_awg_wrapper_hw_platform_0/system.hdf -mem-ranges [list {0x40000000 0xbfffffff}]
configparams force-mem-access 1
configparams mdm-detect-bscan-mask 2
targets -set -nocase -filter {name =~ "microblaze*#0" && bscan=="USER2"  && jtag_cable_name =~ "Digilent Zybo Z7 210351A6C862A"} -index 1
rst -processor
targets -set -nocase -filter {name =~ "microblaze*#0" && bscan=="USER2"  && jtag_cable_name =~ "Digilent Zybo Z7 210351A6C862A"} -index 1
dow C:/repos/GeneratorArbitralny/gen_arb_z_ip/gen_arb_z_ip.sdk/awg_gen/Debug/awg_gen.elf
configparams force-mem-access 0
----------------End of Script----------------

21:19:31 INFO  : Memory regions updated for context MicroBlaze #0
21:19:31 INFO  : Memory regions updated for context MicroBlaze Debug Module at USER2
21:19:31 INFO  : Context for processor 'microblaze_0' is selected.
21:19:31 INFO  : 'con' command is executed.
21:19:31 INFO  : ----------------XSDB Script (After Launch)----------------
targets -set -nocase -filter {name =~ "microblaze*#0" && bscan=="USER2"  && jtag_cable_name =~ "Digilent Zybo Z7 210351A6C862A"} -index 1
con
----------------End of Script----------------

21:19:31 INFO  : Launch script is exported to file 'C:\repos\GeneratorArbitralny\gen_arb_z_ip\gen_arb_z_ip.sdk\.sdk\launch_scripts\xilinx_c-c++_application_(system_debugger)\system_debugger_using_debug_awg_gen.elf_on_local.tcl'
21:20:38 INFO  : Connected to target on host '127.0.0.1' and port '3121'.
21:20:38 INFO  : 'targets -set -filter {jtag_cable_name =~ "Digilent Zybo Z7 210351A6C862A" && level==0} -index 1' command is executed.
21:20:39 INFO  : FPGA configured successfully with bitstream "C:/repos/GeneratorArbitralny/gen_arb_z_ip/gen_arb_z_ip.sdk/design_awg_wrapper_hw_platform_0/download.bit"
21:20:43 INFO  : Disconnected from the channel tcfchan#5.
21:20:44 INFO  : 'targets -set -filter {jtag_cable_name =~ "Digilent Zybo Z7 210351A6C862A" && level==0} -index 1' command is executed.
21:20:44 INFO  : 'fpga -state' command is executed.
21:20:44 INFO  : Connected to target on host '127.0.0.1' and port '3121'.
21:20:44 INFO  : Jtag cable 'Digilent Zybo Z7 210351A6C862A' is selected.
21:20:44 INFO  : 'jtag frequency' command is executed.
21:20:44 INFO  : Context for 'APU' is selected.
21:20:44 INFO  : Hardware design information is loaded from 'C:/repos/GeneratorArbitralny/gen_arb_z_ip/gen_arb_z_ip.sdk/design_awg_wrapper_hw_platform_0/system.hdf'.
21:20:44 INFO  : 'configparams force-mem-access 1' command is executed.
21:20:44 INFO  : 'configparams mdm-detect-bscan-mask 2' command is executed.
21:20:44 INFO  : Context for processor 'microblaze_0' is selected.
21:20:44 INFO  : Processor reset is completed for 'microblaze_0'.
21:20:44 INFO  : Context for processor 'microblaze_0' is selected.
21:20:45 INFO  : The application 'C:/repos/GeneratorArbitralny/gen_arb_z_ip/gen_arb_z_ip.sdk/awg_gen/Debug/awg_gen.elf' is downloaded to processor 'microblaze_0'.
21:20:45 INFO  : 'configparams force-mem-access 0' command is executed.
21:20:45 INFO  : ----------------XSDB Script----------------
connect -url tcp:127.0.0.1:3121
targets -set -nocase -filter {name =~"APU*" && jtag_cable_name =~ "Digilent Zybo Z7 210351A6C862A"} -index 0
loadhw -hw C:/repos/GeneratorArbitralny/gen_arb_z_ip/gen_arb_z_ip.sdk/design_awg_wrapper_hw_platform_0/system.hdf -mem-ranges [list {0x40000000 0xbfffffff}]
configparams force-mem-access 1
configparams mdm-detect-bscan-mask 2
targets -set -nocase -filter {name =~ "microblaze*#0" && bscan=="USER2"  && jtag_cable_name =~ "Digilent Zybo Z7 210351A6C862A"} -index 1
rst -processor
targets -set -nocase -filter {name =~ "microblaze*#0" && bscan=="USER2"  && jtag_cable_name =~ "Digilent Zybo Z7 210351A6C862A"} -index 1
dow C:/repos/GeneratorArbitralny/gen_arb_z_ip/gen_arb_z_ip.sdk/awg_gen/Debug/awg_gen.elf
configparams force-mem-access 0
----------------End of Script----------------

21:20:45 INFO  : Memory regions updated for context MicroBlaze #0
21:20:45 INFO  : Memory regions updated for context MicroBlaze Debug Module at USER2
21:20:45 INFO  : Context for processor 'microblaze_0' is selected.
21:20:45 INFO  : 'con' command is executed.
21:20:45 INFO  : ----------------XSDB Script (After Launch)----------------
targets -set -nocase -filter {name =~ "microblaze*#0" && bscan=="USER2"  && jtag_cable_name =~ "Digilent Zybo Z7 210351A6C862A"} -index 1
con
----------------End of Script----------------

21:20:45 INFO  : Launch script is exported to file 'C:\repos\GeneratorArbitralny\gen_arb_z_ip\gen_arb_z_ip.sdk\.sdk\launch_scripts\xilinx_c-c++_application_(system_debugger)\system_debugger_using_debug_awg_gen.elf_on_local.tcl'
21:22:26 INFO  : Disconnected from the channel tcfchan#6.
21:22:27 INFO  : 'targets -set -filter {jtag_cable_name =~ "Digilent Zybo Z7 210351A6C862A" && level==0} -index 1' command is executed.
21:22:27 INFO  : 'fpga -state' command is executed.
21:22:27 INFO  : Connected to target on host '127.0.0.1' and port '3121'.
21:22:27 INFO  : Jtag cable 'Digilent Zybo Z7 210351A6C862A' is selected.
21:22:27 INFO  : 'jtag frequency' command is executed.
21:22:27 INFO  : Context for 'APU' is selected.
21:22:27 INFO  : Hardware design information is loaded from 'C:/repos/GeneratorArbitralny/gen_arb_z_ip/gen_arb_z_ip.sdk/design_awg_wrapper_hw_platform_0/system.hdf'.
21:22:27 INFO  : 'configparams force-mem-access 1' command is executed.
21:22:27 INFO  : 'configparams mdm-detect-bscan-mask 2' command is executed.
21:22:27 INFO  : Context for processor 'microblaze_0' is selected.
21:22:27 INFO  : Processor reset is completed for 'microblaze_0'.
21:22:27 INFO  : Context for processor 'microblaze_0' is selected.
21:22:28 INFO  : The application 'C:/repos/GeneratorArbitralny/gen_arb_z_ip/gen_arb_z_ip.sdk/awg_gen/Debug/awg_gen.elf' is downloaded to processor 'microblaze_0'.
21:22:28 INFO  : 'configparams force-mem-access 0' command is executed.
21:22:28 INFO  : ----------------XSDB Script----------------
connect -url tcp:127.0.0.1:3121
targets -set -nocase -filter {name =~"APU*" && jtag_cable_name =~ "Digilent Zybo Z7 210351A6C862A"} -index 0
loadhw -hw C:/repos/GeneratorArbitralny/gen_arb_z_ip/gen_arb_z_ip.sdk/design_awg_wrapper_hw_platform_0/system.hdf -mem-ranges [list {0x40000000 0xbfffffff}]
configparams force-mem-access 1
configparams mdm-detect-bscan-mask 2
targets -set -nocase -filter {name =~ "microblaze*#0" && bscan=="USER2"  && jtag_cable_name =~ "Digilent Zybo Z7 210351A6C862A"} -index 1
rst -processor
targets -set -nocase -filter {name =~ "microblaze*#0" && bscan=="USER2"  && jtag_cable_name =~ "Digilent Zybo Z7 210351A6C862A"} -index 1
dow C:/repos/GeneratorArbitralny/gen_arb_z_ip/gen_arb_z_ip.sdk/awg_gen/Debug/awg_gen.elf
configparams force-mem-access 0
----------------End of Script----------------

21:22:28 INFO  : Memory regions updated for context MicroBlaze #0
21:22:28 INFO  : Memory regions updated for context MicroBlaze Debug Module at USER2
21:22:28 INFO  : Context for processor 'microblaze_0' is selected.
21:22:28 INFO  : 'con' command is executed.
21:22:28 INFO  : ----------------XSDB Script (After Launch)----------------
targets -set -nocase -filter {name =~ "microblaze*#0" && bscan=="USER2"  && jtag_cable_name =~ "Digilent Zybo Z7 210351A6C862A"} -index 1
con
----------------End of Script----------------

21:22:28 INFO  : Launch script is exported to file 'C:\repos\GeneratorArbitralny\gen_arb_z_ip\gen_arb_z_ip.sdk\.sdk\launch_scripts\xilinx_c-c++_application_(system_debugger)\system_debugger_using_debug_awg_gen.elf_on_local.tcl'
21:41:14 INFO  : Connected to target on host '127.0.0.1' and port '3121'.
21:41:16 INFO  : 'targets -set -filter {jtag_cable_name =~ "Digilent Zybo Z7 210351A6C862A" && level==0} -index 1' command is executed.
21:41:18 INFO  : FPGA configured successfully with bitstream "C:/repos/GeneratorArbitralny/gen_arb_z_ip/gen_arb_z_ip.sdk/design_awg_wrapper_hw_platform_0/download.bit"
21:41:47 INFO  : Disconnected from the channel tcfchan#7.
21:41:48 INFO  : 'targets -set -filter {jtag_cable_name =~ "Digilent Zybo Z7 210351A6C862A" && level==0} -index 1' command is executed.
21:41:48 INFO  : 'fpga -state' command is executed.
21:41:48 INFO  : Connected to target on host '127.0.0.1' and port '3121'.
21:41:48 INFO  : Jtag cable 'Digilent Zybo Z7 210351A6C862A' is selected.
21:41:48 INFO  : 'jtag frequency' command is executed.
21:41:48 INFO  : Context for 'APU' is selected.
21:41:48 INFO  : Hardware design information is loaded from 'C:/repos/GeneratorArbitralny/gen_arb_z_ip/gen_arb_z_ip.sdk/design_awg_wrapper_hw_platform_0/system.hdf'.
21:41:48 INFO  : 'configparams force-mem-access 1' command is executed.
21:41:48 INFO  : 'configparams mdm-detect-bscan-mask 2' command is executed.
21:41:48 INFO  : Context for processor 'microblaze_0' is selected.
21:41:48 INFO  : Processor reset is completed for 'microblaze_0'.
21:41:48 INFO  : Context for processor 'microblaze_0' is selected.
21:41:48 INFO  : The application 'C:/repos/GeneratorArbitralny/gen_arb_z_ip/gen_arb_z_ip.sdk/awg_gen/Debug/awg_gen.elf' is downloaded to processor 'microblaze_0'.
21:41:48 INFO  : 'configparams force-mem-access 0' command is executed.
21:41:48 INFO  : ----------------XSDB Script----------------
connect -url tcp:127.0.0.1:3121
targets -set -nocase -filter {name =~"APU*" && jtag_cable_name =~ "Digilent Zybo Z7 210351A6C862A"} -index 0
loadhw -hw C:/repos/GeneratorArbitralny/gen_arb_z_ip/gen_arb_z_ip.sdk/design_awg_wrapper_hw_platform_0/system.hdf -mem-ranges [list {0x40000000 0xbfffffff}]
configparams force-mem-access 1
configparams mdm-detect-bscan-mask 2
targets -set -nocase -filter {name =~ "microblaze*#0" && bscan=="USER2"  && jtag_cable_name =~ "Digilent Zybo Z7 210351A6C862A"} -index 1
rst -processor
targets -set -nocase -filter {name =~ "microblaze*#0" && bscan=="USER2"  && jtag_cable_name =~ "Digilent Zybo Z7 210351A6C862A"} -index 1
dow C:/repos/GeneratorArbitralny/gen_arb_z_ip/gen_arb_z_ip.sdk/awg_gen/Debug/awg_gen.elf
configparams force-mem-access 0
----------------End of Script----------------

21:41:48 INFO  : Memory regions updated for context MicroBlaze #0
21:41:48 INFO  : Memory regions updated for context MicroBlaze Debug Module at USER2
21:41:48 INFO  : Context for processor 'microblaze_0' is selected.
21:41:48 INFO  : 'con' command is executed.
21:41:48 INFO  : ----------------XSDB Script (After Launch)----------------
targets -set -nocase -filter {name =~ "microblaze*#0" && bscan=="USER2"  && jtag_cable_name =~ "Digilent Zybo Z7 210351A6C862A"} -index 1
con
----------------End of Script----------------

21:41:48 INFO  : Launch script is exported to file 'C:\repos\GeneratorArbitralny\gen_arb_z_ip\gen_arb_z_ip.sdk\.sdk\launch_scripts\xilinx_c-c++_application_(system_debugger)\system_debugger_using_debug_awg_gen.elf_on_local.tcl'
21:42:37 INFO  : Connected to target on host '127.0.0.1' and port '3121'.
21:42:37 INFO  : 'targets -set -filter {jtag_cable_name =~ "Digilent Zybo Z7 210351A6C862A" && level==0} -index 1' command is executed.
21:42:38 INFO  : FPGA configured successfully with bitstream "C:/repos/GeneratorArbitralny/gen_arb_z_ip/gen_arb_z_ip.sdk/design_awg_wrapper_hw_platform_0/download.bit"
21:42:46 INFO  : Disconnected from the channel tcfchan#8.
21:42:47 INFO  : 'targets -set -filter {jtag_cable_name =~ "Digilent Zybo Z7 210351A6C862A" && level==0} -index 1' command is executed.
21:42:47 INFO  : 'fpga -state' command is executed.
21:42:47 INFO  : Connected to target on host '127.0.0.1' and port '3121'.
21:42:47 INFO  : Jtag cable 'Digilent Zybo Z7 210351A6C862A' is selected.
21:42:47 INFO  : 'jtag frequency' command is executed.
21:42:47 INFO  : Context for 'APU' is selected.
21:42:47 INFO  : Hardware design information is loaded from 'C:/repos/GeneratorArbitralny/gen_arb_z_ip/gen_arb_z_ip.sdk/design_awg_wrapper_hw_platform_0/system.hdf'.
21:42:47 INFO  : 'configparams force-mem-access 1' command is executed.
21:42:47 INFO  : 'configparams mdm-detect-bscan-mask 2' command is executed.
21:42:47 INFO  : Context for processor 'microblaze_0' is selected.
21:42:47 INFO  : Processor reset is completed for 'microblaze_0'.
21:42:47 INFO  : Context for processor 'microblaze_0' is selected.
21:42:47 INFO  : The application 'C:/repos/GeneratorArbitralny/gen_arb_z_ip/gen_arb_z_ip.sdk/awg_gen/Debug/awg_gen.elf' is downloaded to processor 'microblaze_0'.
21:42:47 INFO  : 'configparams force-mem-access 0' command is executed.
21:42:47 INFO  : ----------------XSDB Script----------------
connect -url tcp:127.0.0.1:3121
targets -set -nocase -filter {name =~"APU*" && jtag_cable_name =~ "Digilent Zybo Z7 210351A6C862A"} -index 0
loadhw -hw C:/repos/GeneratorArbitralny/gen_arb_z_ip/gen_arb_z_ip.sdk/design_awg_wrapper_hw_platform_0/system.hdf -mem-ranges [list {0x40000000 0xbfffffff}]
configparams force-mem-access 1
configparams mdm-detect-bscan-mask 2
targets -set -nocase -filter {name =~ "microblaze*#0" && bscan=="USER2"  && jtag_cable_name =~ "Digilent Zybo Z7 210351A6C862A"} -index 1
rst -processor
targets -set -nocase -filter {name =~ "microblaze*#0" && bscan=="USER2"  && jtag_cable_name =~ "Digilent Zybo Z7 210351A6C862A"} -index 1
dow C:/repos/GeneratorArbitralny/gen_arb_z_ip/gen_arb_z_ip.sdk/awg_gen/Debug/awg_gen.elf
configparams force-mem-access 0
----------------End of Script----------------

21:42:47 INFO  : Memory regions updated for context MicroBlaze #0
21:42:47 INFO  : Memory regions updated for context MicroBlaze Debug Module at USER2
21:42:47 INFO  : Context for processor 'microblaze_0' is selected.
21:42:47 INFO  : 'con' command is executed.
21:42:47 INFO  : ----------------XSDB Script (After Launch)----------------
targets -set -nocase -filter {name =~ "microblaze*#0" && bscan=="USER2"  && jtag_cable_name =~ "Digilent Zybo Z7 210351A6C862A"} -index 1
con
----------------End of Script----------------

21:42:47 INFO  : Launch script is exported to file 'C:\repos\GeneratorArbitralny\gen_arb_z_ip\gen_arb_z_ip.sdk\.sdk\launch_scripts\xilinx_c-c++_application_(system_debugger)\system_debugger_using_debug_awg_gen.elf_on_local.tcl'
21:45:36 INFO  : Connected to target on host '127.0.0.1' and port '3121'.
21:45:36 INFO  : 'targets -set -filter {jtag_cable_name =~ "Digilent Zybo Z7 210351A6C862A" && level==0} -index 1' command is executed.
21:45:37 INFO  : FPGA configured successfully with bitstream "C:/repos/GeneratorArbitralny/gen_arb_z_ip/gen_arb_z_ip.sdk/design_awg_wrapper_hw_platform_0/download.bit"
21:45:55 INFO  : Disconnected from the channel tcfchan#9.
21:45:56 INFO  : 'targets -set -filter {jtag_cable_name =~ "Digilent Zybo Z7 210351A6C862A" && level==0} -index 1' command is executed.
21:45:56 INFO  : 'fpga -state' command is executed.
21:45:56 INFO  : Connected to target on host '127.0.0.1' and port '3121'.
21:45:56 INFO  : Jtag cable 'Digilent Zybo Z7 210351A6C862A' is selected.
21:45:56 INFO  : 'jtag frequency' command is executed.
21:45:56 INFO  : Context for 'APU' is selected.
21:45:56 INFO  : Hardware design information is loaded from 'C:/repos/GeneratorArbitralny/gen_arb_z_ip/gen_arb_z_ip.sdk/design_awg_wrapper_hw_platform_0/system.hdf'.
21:45:56 INFO  : 'configparams force-mem-access 1' command is executed.
21:45:56 INFO  : 'configparams mdm-detect-bscan-mask 2' command is executed.
21:45:56 INFO  : Context for processor 'microblaze_0' is selected.
21:45:56 INFO  : Processor reset is completed for 'microblaze_0'.
21:45:56 INFO  : Context for processor 'microblaze_0' is selected.
21:45:56 INFO  : The application 'C:/repos/GeneratorArbitralny/gen_arb_z_ip/gen_arb_z_ip.sdk/awg_gen/Debug/awg_gen.elf' is downloaded to processor 'microblaze_0'.
21:45:56 INFO  : 'configparams force-mem-access 0' command is executed.
21:45:56 INFO  : ----------------XSDB Script----------------
connect -url tcp:127.0.0.1:3121
targets -set -nocase -filter {name =~"APU*" && jtag_cable_name =~ "Digilent Zybo Z7 210351A6C862A"} -index 0
loadhw -hw C:/repos/GeneratorArbitralny/gen_arb_z_ip/gen_arb_z_ip.sdk/design_awg_wrapper_hw_platform_0/system.hdf -mem-ranges [list {0x40000000 0xbfffffff}]
configparams force-mem-access 1
configparams mdm-detect-bscan-mask 2
targets -set -nocase -filter {name =~ "microblaze*#0" && bscan=="USER2"  && jtag_cable_name =~ "Digilent Zybo Z7 210351A6C862A"} -index 1
rst -processor
targets -set -nocase -filter {name =~ "microblaze*#0" && bscan=="USER2"  && jtag_cable_name =~ "Digilent Zybo Z7 210351A6C862A"} -index 1
dow C:/repos/GeneratorArbitralny/gen_arb_z_ip/gen_arb_z_ip.sdk/awg_gen/Debug/awg_gen.elf
configparams force-mem-access 0
----------------End of Script----------------

21:45:56 INFO  : Memory regions updated for context MicroBlaze #0
21:45:56 INFO  : Memory regions updated for context MicroBlaze Debug Module at USER2
21:45:56 INFO  : Context for processor 'microblaze_0' is selected.
21:45:56 INFO  : 'con' command is executed.
21:45:56 INFO  : ----------------XSDB Script (After Launch)----------------
targets -set -nocase -filter {name =~ "microblaze*#0" && bscan=="USER2"  && jtag_cable_name =~ "Digilent Zybo Z7 210351A6C862A"} -index 1
con
----------------End of Script----------------

21:45:56 INFO  : Launch script is exported to file 'C:\repos\GeneratorArbitralny\gen_arb_z_ip\gen_arb_z_ip.sdk\.sdk\launch_scripts\xilinx_c-c++_application_(system_debugger)\system_debugger_using_debug_awg_gen.elf_on_local.tcl'
21:53:33 ERROR : (XSDB Server)couldn't read file "C:UserskluckDesktopwg_update.tcl": no such file or directory

21:53:44 ERROR : (XSDB Server)couldn't read file "C:UserskluckDesktopwg_update.tcl": no such file or directory

21:53:57 ERROR : (XSDB Server)couldn't read file "C:UserskluckDesktopwg_update.tcl": no such file or directory

21:54:05 ERROR : (XSDB Server)couldn't read file "C:UserskluckDesktopwg_update.tcl": no such file or directory

21:54:08 ERROR : (XSDB Server)couldn't read file "C:UserskluckDesktop\awg_update.tcl": no such file or directory

21:54:15 ERROR : (XSDB Server)couldn't read file "C:\Users\kluckDesktop\awg_update.tcl": no such file or directory

21:54:25 ERROR : (XSDB Server)couldn't read file "C:Users\kluckDesktop\awg_update.tcl": no such file or directory

21:54:33 ERROR : (XSDB Server)couldn't read file "C:UserskluckDesktopwg_update.tcl": no such file or directory

21:54:37 ERROR : (XSDB Server)couldn't read file "C:UserskluckDesktop\awg_update.tcl": no such file or directory

21:54:42 ERROR : (XSDB Server)couldn't read file "C:Userskluck\Desktop\awg_update.tcl": no such file or directory

21:54:45 ERROR : (XSDB Server)couldn't read file "C:Users\kluck\Desktop\awg_update.tcl": no such file or directory

