#-----------------------------------------------------------
# Vivado v2018.3 (64-bit)
# SW Build 2405991 on Thu Dec  6 23:38:27 MST 2018
# IP Build 2404404 on Fri Dec  7 01:43:56 MST 2018
# Start of session at: Mon Jun  8 16:51:15 2026
# Process ID: 7340
# Current directory: C:/Users/palka/Documents/SDUP/sdup_projekt/sdup_projekt/gen_arb_z_ip
# Command line: vivado.exe -gui_launcher_event rodinguilauncherevent22096 C:\Users\palka\Documents\SDUP\sdup_projekt\sdup_projekt\gen_arb_z_ip\gen_arb_z_ip.xpr
# Log file: C:/Users/palka/Documents/SDUP/sdup_projekt/sdup_projekt/gen_arb_z_ip/vivado.log
# Journal file: C:/Users/palka/Documents/SDUP/sdup_projekt/sdup_projekt/gen_arb_z_ip\vivado.jou
#-----------------------------------------------------------
start_gui
open_project C:/Users/palka/Documents/SDUP/sdup_projekt/sdup_projekt/gen_arb_z_ip/gen_arb_z_ip.xpr
INFO: [Project 1-313] Project file moved from 'C:/repos/GeneratorArbitralny/gen_arb_z_ip' since last save.
Scanning sources...
Finished scanning sources
INFO: [IP_Flow 19-234] Refreshing IP repositories
INFO: [IP_Flow 19-1700] Loaded user IP repository 'c:/Users/palka/Documents/SDUP/sdup_projekt/sdup_projekt/GeneratorArbitralny/ip_repo'.
INFO: [IP_Flow 19-2313] Loaded Vivado IP repository 'C:/Xilinx/Vivado/2018.3/data/ip'.
open_project: Time (s): cpu = 00:00:13 ; elapsed = 00:00:10 . Memory (MB): peak = 724.809 ; gain = 135.520
update_compile_order -fileset sources_1
INFO: [Vivado 12-4158] Exported Hardware file is out of date. Exported hardware information may be inconsistent with respect to the current state of the design. It is recommended that you re-export the design and launch SDK otherwise SDK is launched with out of date hardware system file.
launch_sdk -workspace C:/Users/palka/Documents/SDUP/sdup_projekt/sdup_projekt/gen_arb_z_ip/gen_arb_z_ip.sdk -hwspec C:/Users/palka/Documents/SDUP/sdup_projekt/sdup_projekt/gen_arb_z_ip/gen_arb_z_ip.sdk/design_awg_wrapper.hdf
INFO: [Vivado 12-393] Launching SDK...
INFO: [Vivado 12-417] Running xsdk -workspace C:/Users/palka/Documents/SDUP/sdup_projekt/sdup_projekt/gen_arb_z_ip/gen_arb_z_ip.sdk -hwspec C:/Users/palka/Documents/SDUP/sdup_projekt/sdup_projekt/gen_arb_z_ip/gen_arb_z_ip.sdk/design_awg_wrapper.hdf
INFO: [Vivado 12-3157] SDK launch initiated. Please check console for any further messages.
INFO: [Vivado 12-4158] Exported Hardware file is out of date. Exported hardware information may be inconsistent with respect to the current state of the design. It is recommended that you re-export the design and launch SDK otherwise SDK is launched with out of date hardware system file.
reset_run synth_1
launch_runs impl_1 -to_step write_bitstream -jobs 6
[Mon Jun  8 17:00:06 2026] Launched synth_1...
Run output will be captured here: C:/Users/palka/Documents/SDUP/sdup_projekt/sdup_projekt/gen_arb_z_ip/gen_arb_z_ip.runs/synth_1/runme.log
[Mon Jun  8 17:00:06 2026] Launched impl_1...
Run output will be captured here: C:/Users/palka/Documents/SDUP/sdup_projekt/sdup_projekt/gen_arb_z_ip/gen_arb_z_ip.runs/impl_1/runme.log
launch_sdk -workspace C:/Users/palka/Documents/SDUP/sdup_projekt/sdup_projekt/gen_arb_z_ip/gen_arb_z_ip.sdk -hwspec C:/Users/palka/Documents/SDUP/sdup_projekt/sdup_projekt/gen_arb_z_ip/gen_arb_z_ip.sdk/design_awg_wrapper.hdf
INFO: [Vivado 12-393] Launching SDK...
INFO: [Vivado 12-417] Running xsdk -workspace C:/Users/palka/Documents/SDUP/sdup_projekt/sdup_projekt/gen_arb_z_ip/gen_arb_z_ip.sdk -hwspec C:/Users/palka/Documents/SDUP/sdup_projekt/sdup_projekt/gen_arb_z_ip/gen_arb_z_ip.sdk/design_awg_wrapper.hdf
INFO: [Vivado 12-3157] SDK launch initiated. Please check console for any further messages.
exit
INFO: [Common 17-206] Exiting Vivado at Mon Jun  8 18:23:21 2026...
