#-----------------------------------------------------------
# Webtalk v2018.3 (64-bit)
# SW Build 2405991 on Thu Dec  6 23:38:27 MST 2018
# 
# Start of session at: Tue Jun  2 13:26:23 2026
# Process ID: 1904
# Current directory: C:/Users/palka/Documents/SDUP/sdup_projekt/sdup_projekt/gen_arb_z_ip/gen_arb_z_ip.sdk/webtalk
# Command line: wbtcv.exe -mode batch -source sdk_webtalk.tcl
# Log file: C:/Users/palka/Documents/SDUP/sdup_projekt/sdup_projekt/gen_arb_z_ip/gen_arb_z_ip.sdk/webtalk/webtalk.log
# Journal file: C:/Users/palka/Documents/SDUP/sdup_projekt/sdup_projekt/gen_arb_z_ip/gen_arb_z_ip.sdk/webtalk\webtalk.jou
#-----------------------------------------------------------
source sdk_webtalk.tcl
# webtalk_init -webtalk_dir C:\\Users\\palka\\Documents\\SDUP\\sdup_projekt\\sdup_projekt\\gen_arb_z_ip\\gen_arb_z_ip.sdk\\webtalk
# webtalk_register_client -client project
# webtalk_add_data -client project -key date_generated -value "2026-06-02 13:26:22" -context "software_version_and_target_device"
# webtalk_add_data -client project -key product_version -value "SDK v2018.3" -context "software_version_and_target_device"
# webtalk_add_data -client project -key build_version -value "2018.3" -context "software_version_and_target_device"
# webtalk_add_data -client project -key os_platform -value "amd64" -context "software_version_and_target_device"
# webtalk_add_data -client project -key registration_id -value "213842966_0_0_228" -context "software_version_and_target_device"
# webtalk_add_data -client project -key tool_flow -value "SDK" -context "software_version_and_target_device"
# webtalk_add_data -client project -key beta -value "false" -context "software_version_and_target_device"
# webtalk_add_data -client project -key route_design -value "NA" -context "software_version_and_target_device"
# webtalk_add_data -client project -key target_family -value "NA" -context "software_version_and_target_device"
# webtalk_add_data -client project -key target_device -value "NA" -context "software_version_and_target_device"
# webtalk_add_data -client project -key target_package -value "NA" -context "software_version_and_target_device"
# webtalk_add_data -client project -key target_speed -value "NA" -context "software_version_and_target_device"
# webtalk_add_data -client project -key random_id -value "8kppe47soj99064s3hog7v2dmj" -context "software_version_and_target_device"
# webtalk_add_data -client project -key project_id -value "2018.3_2" -context "software_version_and_target_device"
# webtalk_add_data -client project -key project_iteration -value "2" -context "software_version_and_target_device"
# webtalk_add_data -client project -key os_name -value "Microsoft Windows 8 or later , 64-bit" -context "user_environment"
# webtalk_add_data -client project -key os_release -value "major release  (build 9200)" -context "user_environment"
# webtalk_add_data -client project -key cpu_name -value "Intel(R) Core(TM) i7-9750HF CPU @ 2.60GHz" -context "user_environment"
# webtalk_add_data -client project -key cpu_speed -value "2592 MHz" -context "user_environment"
# webtalk_add_data -client project -key total_processors -value "1" -context "user_environment"
# webtalk_add_data -client project -key system_ram -value "34.276 GB" -context "user_environment"
# webtalk_register_client -client sdk
# webtalk_add_data -client sdk -key uid -value "1780399348044" -context "sdk\\\\hardware/1780399348044"
# webtalk_add_data -client sdk -key isZynq -value "true" -context "sdk\\\\hardware/1780399348044"
# webtalk_add_data -client sdk -key isZynqMP -value "false" -context "sdk\\\\hardware/1780399348044"
# webtalk_add_data -client sdk -key Processors -value "1" -context "sdk\\\\hardware/1780399348044"
# webtalk_add_data -client sdk -key VivadoVersion -value "2018.3" -context "sdk\\\\hardware/1780399348044"
# webtalk_add_data -client sdk -key Arch -value "zynq" -context "sdk\\\\hardware/1780399348044"
# webtalk_add_data -client sdk -key Device -value "7z010" -context "sdk\\\\hardware/1780399348044"
# webtalk_add_data -client sdk -key IsHandoff -value "true" -context "sdk\\\\hardware/1780399348044"
# webtalk_add_data -client sdk -key os -value "NA" -context "sdk\\\\hardware/1780399348044"
# webtalk_add_data -client sdk -key apptemplate -value "NA" -context "sdk\\\\hardware/1780399348044"
# webtalk_add_data -client sdk -key RecordType -value "HWCreation" -context "sdk\\\\hardware/1780399348044"
# webtalk_add_data -client sdk -key uid -value "1780399442008" -context "sdk\\\\bsp/1780399442008"
# webtalk_add_data -client sdk -key hwid -value "1780399348044" -context "sdk\\\\bsp/1780399442008"
# webtalk_add_data -client sdk -key os -value "standalone" -context "sdk\\\\bsp/1780399442008"
# webtalk_add_data -client sdk -key apptemplate -value "hello_world" -context "sdk\\\\bsp/1780399442008"
# webtalk_add_data -client sdk -key RecordType -value "BSPCreation" -context "sdk\\\\bsp/1780399442008"
# webtalk_add_data -client sdk -key uid -value "1780399445337" -context "sdk\\\\application/1780399445337"
# webtalk_add_data -client sdk -key hwid -value "1780399348044" -context "sdk\\\\application/1780399445337"
# webtalk_add_data -client sdk -key bspid -value "1780399442008" -context "sdk\\\\application/1780399445337"
# webtalk_add_data -client sdk -key newbsp -value "true" -context "sdk\\\\application/1780399445337"
# webtalk_add_data -client sdk -key os -value "standalone" -context "sdk\\\\application/1780399445337"
# webtalk_add_data -client sdk -key apptemplate -value "hello_world" -context "sdk\\\\application/1780399445337"
# webtalk_add_data -client sdk -key RecordType -value "APPCreation" -context "sdk\\\\application/1780399445337"
# webtalk_add_data -client sdk -key LangUsed -value "C" -context "sdk\\\\application/1780399445337"
# webtalk_add_data -client sdk -key Procused -value "microblaze" -context "sdk\\\\application/1780399445337"
# webtalk_add_data -client sdk -key projSize -value "123.34765625" -context "sdk\\\\application/1780399445337"
# webtalk_add_data -client sdk -key uid -value "NA" -context "sdk\\\\bsp/1780399582682"
# webtalk_add_data -client sdk -key RecordType -value "ToolUsage" -context "sdk\\\\bsp/1780399582682"
# webtalk_add_data -client sdk -key BootgenCount -value "0" -context "sdk\\\\bsp/1780399582682"
# webtalk_add_data -client sdk -key DebugCount -value "0" -context "sdk\\\\bsp/1780399582682"
# webtalk_add_data -client sdk -key PerfCount -value "0" -context "sdk\\\\bsp/1780399582682"
# webtalk_add_data -client sdk -key FlashCount -value "0" -context "sdk\\\\bsp/1780399582682"
# webtalk_add_data -client sdk -key CrossTriggCount -value "0" -context "sdk\\\\bsp/1780399582682"
# webtalk_add_data -client sdk -key QemuDebugCount -value "0" -context "sdk\\\\bsp/1780399582682"
# webtalk_transmit -clientid 2422433988 -regid "213842966_0_0_228" -xml C:\\Users\\palka\\Documents\\SDUP\\sdup_projekt\\sdup_projekt\\gen_arb_z_ip\\gen_arb_z_ip.sdk\\webtalk\\usage_statistics_ext_sdk.xml -html C:\\Users\\palka\\Documents\\SDUP\\sdup_projekt\\sdup_projekt\\gen_arb_z_ip\\gen_arb_z_ip.sdk\\webtalk\\usage_statistics_ext_sdk.html -wdm C:\\Users\\palka\\Documents\\SDUP\\sdup_projekt\\sdup_projekt\\gen_arb_z_ip\\gen_arb_z_ip.sdk\\webtalk\\sdk_webtalk.wdm -intro "<H3>SDK Usage Report</H3><BR>"
# webtalk_terminate
INFO: [Common 17-206] Exiting Webtalk at Tue Jun  2 13:26:25 2026...
